2024-06-22 15:29:39,543 19888 INFO ? odoo: Odoo version 17.0 
2024-06-22 15:29:39,543 19888 INFO ? odoo: Using configuration file at D:\Study\learning_odoo\conf\odoo.conf 
2024-06-22 15:29:39,543 19888 INFO ? odoo: addons paths: ['D:\\Study\\learning_odoo\\odoo\\addons', 'd:\\study\\learning_odoo\\data\\addons\\17.0', 'd:\\study\\learning_odoo\\addons', 'd:\\study\\learning_odoo\\custom_addons', 'd:\\study\\learning_odoo\\odoo\\addons', 'd:\\study\\learning_odoo\\my_addons'] 
2024-06-22 15:29:39,543 19888 INFO ? odoo: database: odoo_admin@localhost:5432 
2024-06-22 15:29:39,764 19888 INFO ? odoo.addons.base.models.ir_actions_report: You need Wkhtmltopdf to print a pdf version of the reports. 
2024-06-22 15:29:40,049 19888 INFO odoo_test odoo.modules.loading: loading 1 modules... 
2024-06-22 15:29:40,081 19888 INFO odoo_test odoo.modules.loading: 1 modules loaded in 0.03s, 0 queries (+0 extra) 
2024-06-22 15:29:40,096 19888 INFO odoo_test odoo.modules.loading: updating modules list 
2024-06-22 15:29:40,097 19888 INFO odoo_test odoo.addons.base.models.ir_module: ALLOW access to module.update_list on [] to user __system__ #1 via n/a 
2024-06-22 15:29:40,827 19888 INFO ? odoo.service.server: HTTP service (werkzeug) running on Dmitriy-PC:8069 
2024-06-22 15:29:41,500 19888 INFO odoo_test odoo.addons.base.models.ir_module: ALLOW access to module.button_upgrade on [False] to user __system__ #1 via n/a 
2024-06-22 15:29:41,500 19888 INFO odoo_test odoo.addons.base.models.ir_module: ALLOW access to module.update_list on [False] to user __system__ #1 via n/a 
2024-06-22 15:29:42,057 19888 INFO odoo_test odoo.addons.base.models.ir_module: ALLOW access to module.button_install on [] to user __system__ #1 via n/a 
2024-06-22 15:29:42,075 19888 WARNING odoo_test odoo.modules.loading: Transient module states were reset 
2024-06-22 15:29:42,075 19888 ERROR odoo_test odoo.modules.registry: Failed to load registry 
Traceback (most recent call last):
  File "D:\Study\learning_odoo\odoo\modules\registry.py", line 113, in new
    odoo.modules.load_modules(registry, force_demo, status, update_module)
  File "D:\Study\learning_odoo\odoo\modules\loading.py", line 476, in load_modules
    processed_modules += load_marked_modules(env, graph,
                         ^^^^^^^^^^^^^^^^^^^^^^^^^^^^^^^
  File "D:\Study\learning_odoo\odoo\modules\loading.py", line 362, in load_marked_modules
    graph.add_modules(env.cr, module_list, force)
  File "D:\Study\learning_odoo\odoo\modules\graph.py", line 71, in add_modules
    info = odoo.modules.module.get_manifest(module)
           ^^^^^^^^^^^^^^^^^^^^^^^^^^^^^^^^^^^^^^^^
  File "D:\Study\learning_odoo\odoo\modules\module.py", line 369, in get_manifest
    return copy.deepcopy(_get_manifest_cached(module, mod_path))
                         ^^^^^^^^^^^^^^^^^^^^^^^^^^^^^^^^^^^^^^
  File "D:\Study\learning_odoo\odoo\modules\module.py", line 373, in _get_manifest_cached
    return load_manifest(module, mod_path)
           ^^^^^^^^^^^^^^^^^^^^^^^^^^^^^^^
  File "D:\Study\learning_odoo\odoo\modules\module.py", line 319, in load_manifest
    manifest.update(ast.literal_eval(f.read()))
                    ^^^^^^^^^^^^^^^^^^^^^^^^^^
  File "D:\Study\learning_odoo\odoo\tools\_monkeypatches.py", line 73, in literal_eval
    return orig_literal_eval(expr)
           ^^^^^^^^^^^^^^^^^^^^^^^
  File "C:\Python312\Lib\ast.py", line 66, in literal_eval
    node_or_string = parse(node_or_string.lstrip(" \t"), mode='eval')
                     ^^^^^^^^^^^^^^^^^^^^^^^^^^^^^^^^^^^^^^^^^^^^^^^^
  File "C:\Python312\Lib\ast.py", line 52, in parse
    return compile(source, filename, mode, flags,
           ^^^^^^^^^^^^^^^^^^^^^^^^^^^^^^^^^^^^^^
  File "<unknown>", line 2
    name = 'My super demo module'
         ^
SyntaxError: invalid syntax
2024-06-22 15:29:42,078 19888 CRITICAL odoo_test odoo.service.server: Failed to initialize database `odoo_test`. 
Traceback (most recent call last):
  File "D:\Study\learning_odoo\odoo\service\server.py", line 1313, in preload_registries
    registry = Registry.new(dbname, update_module=update_module)
               ^^^^^^^^^^^^^^^^^^^^^^^^^^^^^^^^^^^^^^^^^^^^^^^^^
  File "<decorator-gen-16>", line 2, in new
  File "D:\Study\learning_odoo\odoo\tools\func.py", line 87, in locked
    return func(inst, *args, **kwargs)
           ^^^^^^^^^^^^^^^^^^^^^^^^^^^
  File "D:\Study\learning_odoo\odoo\modules\registry.py", line 113, in new
    odoo.modules.load_modules(registry, force_demo, status, update_module)
  File "D:\Study\learning_odoo\odoo\modules\loading.py", line 476, in load_modules
    processed_modules += load_marked_modules(env, graph,
                         ^^^^^^^^^^^^^^^^^^^^^^^^^^^^^^^
  File "D:\Study\learning_odoo\odoo\modules\loading.py", line 362, in load_marked_modules
    graph.add_modules(env.cr, module_list, force)
  File "D:\Study\learning_odoo\odoo\modules\graph.py", line 71, in add_modules
    info = odoo.modules.module.get_manifest(module)
           ^^^^^^^^^^^^^^^^^^^^^^^^^^^^^^^^^^^^^^^^
  File "D:\Study\learning_odoo\odoo\modules\module.py", line 369, in get_manifest
    return copy.deepcopy(_get_manifest_cached(module, mod_path))
                         ^^^^^^^^^^^^^^^^^^^^^^^^^^^^^^^^^^^^^^
  File "D:\Study\learning_odoo\odoo\modules\module.py", line 373, in _get_manifest_cached
    return load_manifest(module, mod_path)
           ^^^^^^^^^^^^^^^^^^^^^^^^^^^^^^^
  File "D:\Study\learning_odoo\odoo\modules\module.py", line 319, in load_manifest
    manifest.update(ast.literal_eval(f.read()))
                    ^^^^^^^^^^^^^^^^^^^^^^^^^^
  File "D:\Study\learning_odoo\odoo\tools\_monkeypatches.py", line 73, in literal_eval
    return orig_literal_eval(expr)
           ^^^^^^^^^^^^^^^^^^^^^^^
  File "C:\Python312\Lib\ast.py", line 66, in literal_eval
    node_or_string = parse(node_or_string.lstrip(" \t"), mode='eval')
                     ^^^^^^^^^^^^^^^^^^^^^^^^^^^^^^^^^^^^^^^^^^^^^^^^
  File "C:\Python312\Lib\ast.py", line 52, in parse
    return compile(source, filename, mode, flags,
           ^^^^^^^^^^^^^^^^^^^^^^^^^^^^^^^^^^^^^^
  File "<unknown>", line 2
    name = 'My super demo module'
         ^
SyntaxError: invalid syntax
2024-06-22 15:29:42,182 19888 INFO odoo_test odoo.modules.loading: loading 1 modules... 
2024-06-22 15:29:42,187 19888 INFO odoo_test odoo.modules.loading: 1 modules loaded in 0.01s, 0 queries (+0 extra) 
2024-06-22 15:29:42,192 19888 WARNING odoo_test odoo.modules.loading: Transient module states were reset 
2024-06-22 15:29:42,192 19888 ERROR odoo_test odoo.modules.registry: Failed to load registry 
Traceback (most recent call last):
  File "D:\Study\learning_odoo\odoo\modules\registry.py", line 87, in __new__
    return cls.registries[db_name]
           ~~~~~~~~~~~~~~^^^^^^^^^
  File "<decorator-gen-5>", line 2, in __getitem__
  File "D:\Study\learning_odoo\odoo\tools\func.py", line 87, in locked
    return func(inst, *args, **kwargs)
           ^^^^^^^^^^^^^^^^^^^^^^^^^^^
  File "D:\Study\learning_odoo\odoo\tools\lru.py", line 34, in __getitem__
    a = self.d[obj]
        ~~~~~~^^^^^
KeyError: 'odoo_test'

During handling of the above exception, another exception occurred:

Traceback (most recent call last):
  File "D:\Study\learning_odoo\odoo\modules\registry.py", line 113, in new
    odoo.modules.load_modules(registry, force_demo, status, update_module)
  File "D:\Study\learning_odoo\odoo\modules\loading.py", line 476, in load_modules
    processed_modules += load_marked_modules(env, graph,
                         ^^^^^^^^^^^^^^^^^^^^^^^^^^^^^^^
  File "D:\Study\learning_odoo\odoo\modules\loading.py", line 362, in load_marked_modules
    graph.add_modules(env.cr, module_list, force)
  File "D:\Study\learning_odoo\odoo\modules\graph.py", line 71, in add_modules
    info = odoo.modules.module.get_manifest(module)
           ^^^^^^^^^^^^^^^^^^^^^^^^^^^^^^^^^^^^^^^^
  File "D:\Study\learning_odoo\odoo\modules\module.py", line 369, in get_manifest
    return copy.deepcopy(_get_manifest_cached(module, mod_path))
                         ^^^^^^^^^^^^^^^^^^^^^^^^^^^^^^^^^^^^^^
  File "D:\Study\learning_odoo\odoo\modules\module.py", line 373, in _get_manifest_cached
    return load_manifest(module, mod_path)
           ^^^^^^^^^^^^^^^^^^^^^^^^^^^^^^^
  File "D:\Study\learning_odoo\odoo\modules\module.py", line 319, in load_manifest
    manifest.update(ast.literal_eval(f.read()))
                    ^^^^^^^^^^^^^^^^^^^^^^^^^^
  File "D:\Study\learning_odoo\odoo\tools\_monkeypatches.py", line 73, in literal_eval
    return orig_literal_eval(expr)
           ^^^^^^^^^^^^^^^^^^^^^^^
  File "C:\Python312\Lib\ast.py", line 66, in literal_eval
    node_or_string = parse(node_or_string.lstrip(" \t"), mode='eval')
                     ^^^^^^^^^^^^^^^^^^^^^^^^^^^^^^^^^^^^^^^^^^^^^^^^
  File "C:\Python312\Lib\ast.py", line 52, in parse
    return compile(source, filename, mode, flags,
           ^^^^^^^^^^^^^^^^^^^^^^^^^^^^^^^^^^^^^^
  File "<unknown>", line 2
    name = 'My super demo module'
         ^
SyntaxError: invalid syntax
2024-06-22 15:29:42,194 19888 ERROR odoo_test odoo.http: Exception during request handling. 
Traceback (most recent call last):
  File "D:\Study\learning_odoo\odoo\modules\registry.py", line 87, in __new__
    return cls.registries[db_name]
           ~~~~~~~~~~~~~~^^^^^^^^^
  File "<decorator-gen-5>", line 2, in __getitem__
  File "D:\Study\learning_odoo\odoo\tools\func.py", line 87, in locked
    return func(inst, *args, **kwargs)
           ^^^^^^^^^^^^^^^^^^^^^^^^^^^
  File "D:\Study\learning_odoo\odoo\tools\lru.py", line 34, in __getitem__
    a = self.d[obj]
        ~~~~~~^^^^^
KeyError: 'odoo_test'

During handling of the above exception, another exception occurred:

Traceback (most recent call last):
  File "D:\Study\learning_odoo\odoo\http.py", line 2173, in __call__
    response = request._serve_db()
               ^^^^^^^^^^^^^^^^^^^
  File "D:\Study\learning_odoo\odoo\http.py", line 1727, in _serve_db
    self.registry = Registry(self.db).check_signaling()
                    ^^^^^^^^^^^^^^^^^
  File "D:\Study\learning_odoo\odoo\modules\registry.py", line 89, in __new__
    return cls.new(db_name)
           ^^^^^^^^^^^^^^^^
  File "<decorator-gen-16>", line 2, in new
  File "D:\Study\learning_odoo\odoo\tools\func.py", line 87, in locked
    return func(inst, *args, **kwargs)
           ^^^^^^^^^^^^^^^^^^^^^^^^^^^
  File "D:\Study\learning_odoo\odoo\modules\registry.py", line 113, in new
    odoo.modules.load_modules(registry, force_demo, status, update_module)
  File "D:\Study\learning_odoo\odoo\modules\loading.py", line 476, in load_modules
    processed_modules += load_marked_modules(env, graph,
                         ^^^^^^^^^^^^^^^^^^^^^^^^^^^^^^^
  File "D:\Study\learning_odoo\odoo\modules\loading.py", line 362, in load_marked_modules
    graph.add_modules(env.cr, module_list, force)
  File "D:\Study\learning_odoo\odoo\modules\graph.py", line 71, in add_modules
    info = odoo.modules.module.get_manifest(module)
           ^^^^^^^^^^^^^^^^^^^^^^^^^^^^^^^^^^^^^^^^
  File "D:\Study\learning_odoo\odoo\modules\module.py", line 369, in get_manifest
    return copy.deepcopy(_get_manifest_cached(module, mod_path))
                         ^^^^^^^^^^^^^^^^^^^^^^^^^^^^^^^^^^^^^^
  File "D:\Study\learning_odoo\odoo\modules\module.py", line 373, in _get_manifest_cached
    return load_manifest(module, mod_path)
           ^^^^^^^^^^^^^^^^^^^^^^^^^^^^^^^
  File "D:\Study\learning_odoo\odoo\modules\module.py", line 319, in load_manifest
    manifest.update(ast.literal_eval(f.read()))
                    ^^^^^^^^^^^^^^^^^^^^^^^^^^
  File "D:\Study\learning_odoo\odoo\tools\_monkeypatches.py", line 73, in literal_eval
    return orig_literal_eval(expr)
           ^^^^^^^^^^^^^^^^^^^^^^^
  File "C:\Python312\Lib\ast.py", line 66, in literal_eval
    node_or_string = parse(node_or_string.lstrip(" \t"), mode='eval')
                     ^^^^^^^^^^^^^^^^^^^^^^^^^^^^^^^^^^^^^^^^^^^^^^^^
  File "C:\Python312\Lib\ast.py", line 52, in parse
    return compile(source, filename, mode, flags,
           ^^^^^^^^^^^^^^^^^^^^^^^^^^^^^^^^^^^^^^
  File "<unknown>", line 2
    name = 'My super demo module'
         ^
SyntaxError: invalid syntax
2024-06-22 15:29:42,197 19888 INFO odoo_test werkzeug: 127.0.0.1 - - [22/Jun/2024 15:29:42] "GET /web?debug=1 HTTP/1.1" 500 - 11 0.005 1.317
2024-06-22 15:29:42,283 19888 INFO odoo_test odoo.modules.loading: loading 1 modules... 
2024-06-22 15:29:42,290 19888 INFO odoo_test odoo.modules.loading: 1 modules loaded in 0.01s, 0 queries (+0 extra) 
2024-06-22 15:29:42,297 19888 WARNING odoo_test odoo.modules.loading: Transient module states were reset 
2024-06-22 15:29:42,297 19888 ERROR odoo_test odoo.modules.registry: Failed to load registry 
Traceback (most recent call last):
  File "D:\Study\learning_odoo\odoo\modules\registry.py", line 87, in __new__
    return cls.registries[db_name]
           ~~~~~~~~~~~~~~^^^^^^^^^
  File "<decorator-gen-5>", line 2, in __getitem__
  File "D:\Study\learning_odoo\odoo\tools\func.py", line 87, in locked
    return func(inst, *args, **kwargs)
           ^^^^^^^^^^^^^^^^^^^^^^^^^^^
  File "D:\Study\learning_odoo\odoo\tools\lru.py", line 34, in __getitem__
    a = self.d[obj]
        ~~~~~~^^^^^
KeyError: 'odoo_test'

During handling of the above exception, another exception occurred:

Traceback (most recent call last):
  File "D:\Study\learning_odoo\odoo\modules\registry.py", line 113, in new
    odoo.modules.load_modules(registry, force_demo, status, update_module)
  File "D:\Study\learning_odoo\odoo\modules\loading.py", line 476, in load_modules
    processed_modules += load_marked_modules(env, graph,
                         ^^^^^^^^^^^^^^^^^^^^^^^^^^^^^^^
  File "D:\Study\learning_odoo\odoo\modules\loading.py", line 362, in load_marked_modules
    graph.add_modules(env.cr, module_list, force)
  File "D:\Study\learning_odoo\odoo\modules\graph.py", line 71, in add_modules
    info = odoo.modules.module.get_manifest(module)
           ^^^^^^^^^^^^^^^^^^^^^^^^^^^^^^^^^^^^^^^^
  File "D:\Study\learning_odoo\odoo\modules\module.py", line 369, in get_manifest
    return copy.deepcopy(_get_manifest_cached(module, mod_path))
                         ^^^^^^^^^^^^^^^^^^^^^^^^^^^^^^^^^^^^^^
  File "D:\Study\learning_odoo\odoo\modules\module.py", line 373, in _get_manifest_cached
    return load_manifest(module, mod_path)
           ^^^^^^^^^^^^^^^^^^^^^^^^^^^^^^^
  File "D:\Study\learning_odoo\odoo\modules\module.py", line 319, in load_manifest
    manifest.update(ast.literal_eval(f.read()))
                    ^^^^^^^^^^^^^^^^^^^^^^^^^^
  File "D:\Study\learning_odoo\odoo\tools\_monkeypatches.py", line 73, in literal_eval
    return orig_literal_eval(expr)
           ^^^^^^^^^^^^^^^^^^^^^^^
  File "C:\Python312\Lib\ast.py", line 66, in literal_eval
    node_or_string = parse(node_or_string.lstrip(" \t"), mode='eval')
                     ^^^^^^^^^^^^^^^^^^^^^^^^^^^^^^^^^^^^^^^^^^^^^^^^
  File "C:\Python312\Lib\ast.py", line 52, in parse
    return compile(source, filename, mode, flags,
           ^^^^^^^^^^^^^^^^^^^^^^^^^^^^^^^^^^^^^^
  File "<unknown>", line 2
    name = 'My super demo module'
         ^
SyntaxError: invalid syntax
2024-06-22 15:29:42,299 19888 ERROR odoo_test odoo.http: Exception during request handling. 
Traceback (most recent call last):
  File "D:\Study\learning_odoo\odoo\modules\registry.py", line 87, in __new__
    return cls.registries[db_name]
           ~~~~~~~~~~~~~~^^^^^^^^^
  File "<decorator-gen-5>", line 2, in __getitem__
  File "D:\Study\learning_odoo\odoo\tools\func.py", line 87, in locked
    return func(inst, *args, **kwargs)
           ^^^^^^^^^^^^^^^^^^^^^^^^^^^
  File "D:\Study\learning_odoo\odoo\tools\lru.py", line 34, in __getitem__
    a = self.d[obj]
        ~~~~~~^^^^^
KeyError: 'odoo_test'

During handling of the above exception, another exception occurred:

Traceback (most recent call last):
  File "D:\Study\learning_odoo\odoo\http.py", line 2173, in __call__
    response = request._serve_db()
               ^^^^^^^^^^^^^^^^^^^
  File "D:\Study\learning_odoo\odoo\http.py", line 1727, in _serve_db
    self.registry = Registry(self.db).check_signaling()
                    ^^^^^^^^^^^^^^^^^
  File "D:\Study\learning_odoo\odoo\modules\registry.py", line 89, in __new__
    return cls.new(db_name)
           ^^^^^^^^^^^^^^^^
  File "<decorator-gen-16>", line 2, in new
  File "D:\Study\learning_odoo\odoo\tools\func.py", line 87, in locked
    return func(inst, *args, **kwargs)
           ^^^^^^^^^^^^^^^^^^^^^^^^^^^
  File "D:\Study\learning_odoo\odoo\modules\registry.py", line 113, in new
    odoo.modules.load_modules(registry, force_demo, status, update_module)
  File "D:\Study\learning_odoo\odoo\modules\loading.py", line 476, in load_modules
    processed_modules += load_marked_modules(env, graph,
                         ^^^^^^^^^^^^^^^^^^^^^^^^^^^^^^^
  File "D:\Study\learning_odoo\odoo\modules\loading.py", line 362, in load_marked_modules
    graph.add_modules(env.cr, module_list, force)
  File "D:\Study\learning_odoo\odoo\modules\graph.py", line 71, in add_modules
    info = odoo.modules.module.get_manifest(module)
           ^^^^^^^^^^^^^^^^^^^^^^^^^^^^^^^^^^^^^^^^
  File "D:\Study\learning_odoo\odoo\modules\module.py", line 369, in get_manifest
    return copy.deepcopy(_get_manifest_cached(module, mod_path))
                         ^^^^^^^^^^^^^^^^^^^^^^^^^^^^^^^^^^^^^^
  File "D:\Study\learning_odoo\odoo\modules\module.py", line 373, in _get_manifest_cached
    return load_manifest(module, mod_path)
           ^^^^^^^^^^^^^^^^^^^^^^^^^^^^^^^
  File "D:\Study\learning_odoo\odoo\modules\module.py", line 319, in load_manifest
    manifest.update(ast.literal_eval(f.read()))
                    ^^^^^^^^^^^^^^^^^^^^^^^^^^
  File "D:\Study\learning_odoo\odoo\tools\_monkeypatches.py", line 73, in literal_eval
    return orig_literal_eval(expr)
           ^^^^^^^^^^^^^^^^^^^^^^^
  File "C:\Python312\Lib\ast.py", line 66, in literal_eval
    node_or_string = parse(node_or_string.lstrip(" \t"), mode='eval')
                     ^^^^^^^^^^^^^^^^^^^^^^^^^^^^^^^^^^^^^^^^^^^^^^^^
  File "C:\Python312\Lib\ast.py", line 52, in parse
    return compile(source, filename, mode, flags,
           ^^^^^^^^^^^^^^^^^^^^^^^^^^^^^^^^^^^^^^
  File "<unknown>", line 2
    name = 'My super demo module'
         ^
SyntaxError: invalid syntax
2024-06-22 15:29:42,301 19888 INFO odoo_test werkzeug: 127.0.0.1 - - [22/Jun/2024 15:29:42] "GET /favicon.ico HTTP/1.1" 500 - 11 0.006 0.019
2024-06-22 15:29:43,867 19888 INFO odoo_test odoo.modules.loading: loading 1 modules... 
2024-06-22 15:29:43,873 19888 INFO odoo_test odoo.modules.loading: 1 modules loaded in 0.01s, 0 queries (+0 extra) 
2024-06-22 15:29:43,878 19888 WARNING odoo_test odoo.modules.loading: Transient module states were reset 
2024-06-22 15:29:43,878 19888 ERROR odoo_test odoo.modules.registry: Failed to load registry 
Traceback (most recent call last):
  File "D:\Study\learning_odoo\odoo\modules\registry.py", line 87, in __new__
    return cls.registries[db_name]
           ~~~~~~~~~~~~~~^^^^^^^^^
  File "<decorator-gen-5>", line 2, in __getitem__
  File "D:\Study\learning_odoo\odoo\tools\func.py", line 87, in locked
    return func(inst, *args, **kwargs)
           ^^^^^^^^^^^^^^^^^^^^^^^^^^^
  File "D:\Study\learning_odoo\odoo\tools\lru.py", line 34, in __getitem__
    a = self.d[obj]
        ~~~~~~^^^^^
KeyError: 'odoo_test'

During handling of the above exception, another exception occurred:

Traceback (most recent call last):
  File "D:\Study\learning_odoo\odoo\modules\registry.py", line 113, in new
    odoo.modules.load_modules(registry, force_demo, status, update_module)
  File "D:\Study\learning_odoo\odoo\modules\loading.py", line 476, in load_modules
    processed_modules += load_marked_modules(env, graph,
                         ^^^^^^^^^^^^^^^^^^^^^^^^^^^^^^^
  File "D:\Study\learning_odoo\odoo\modules\loading.py", line 362, in load_marked_modules
    graph.add_modules(env.cr, module_list, force)
  File "D:\Study\learning_odoo\odoo\modules\graph.py", line 71, in add_modules
    info = odoo.modules.module.get_manifest(module)
           ^^^^^^^^^^^^^^^^^^^^^^^^^^^^^^^^^^^^^^^^
  File "D:\Study\learning_odoo\odoo\modules\module.py", line 369, in get_manifest
    return copy.deepcopy(_get_manifest_cached(module, mod_path))
                         ^^^^^^^^^^^^^^^^^^^^^^^^^^^^^^^^^^^^^^
  File "D:\Study\learning_odoo\odoo\modules\module.py", line 373, in _get_manifest_cached
    return load_manifest(module, mod_path)
           ^^^^^^^^^^^^^^^^^^^^^^^^^^^^^^^
  File "D:\Study\learning_odoo\odoo\modules\module.py", line 319, in load_manifest
    manifest.update(ast.literal_eval(f.read()))
                    ^^^^^^^^^^^^^^^^^^^^^^^^^^
  File "D:\Study\learning_odoo\odoo\tools\_monkeypatches.py", line 73, in literal_eval
    return orig_literal_eval(expr)
           ^^^^^^^^^^^^^^^^^^^^^^^
  File "C:\Python312\Lib\ast.py", line 66, in literal_eval
    node_or_string = parse(node_or_string.lstrip(" \t"), mode='eval')
                     ^^^^^^^^^^^^^^^^^^^^^^^^^^^^^^^^^^^^^^^^^^^^^^^^
  File "C:\Python312\Lib\ast.py", line 52, in parse
    return compile(source, filename, mode, flags,
           ^^^^^^^^^^^^^^^^^^^^^^^^^^^^^^^^^^^^^^
  File "<unknown>", line 2
    name = 'My super demo module'
         ^
SyntaxError: invalid syntax
2024-06-22 15:29:43,880 19888 ERROR odoo_test odoo.http: Exception during request handling. 
Traceback (most recent call last):
  File "D:\Study\learning_odoo\odoo\modules\registry.py", line 87, in __new__
    return cls.registries[db_name]
           ~~~~~~~~~~~~~~^^^^^^^^^
  File "<decorator-gen-5>", line 2, in __getitem__
  File "D:\Study\learning_odoo\odoo\tools\func.py", line 87, in locked
    return func(inst, *args, **kwargs)
           ^^^^^^^^^^^^^^^^^^^^^^^^^^^
  File "D:\Study\learning_odoo\odoo\tools\lru.py", line 34, in __getitem__
    a = self.d[obj]
        ~~~~~~^^^^^
KeyError: 'odoo_test'

During handling of the above exception, another exception occurred:

Traceback (most recent call last):
  File "D:\Study\learning_odoo\odoo\http.py", line 2173, in __call__
    response = request._serve_db()
               ^^^^^^^^^^^^^^^^^^^
  File "D:\Study\learning_odoo\odoo\http.py", line 1727, in _serve_db
    self.registry = Registry(self.db).check_signaling()
                    ^^^^^^^^^^^^^^^^^
  File "D:\Study\learning_odoo\odoo\modules\registry.py", line 89, in __new__
    return cls.new(db_name)
           ^^^^^^^^^^^^^^^^
  File "<decorator-gen-16>", line 2, in new
  File "D:\Study\learning_odoo\odoo\tools\func.py", line 87, in locked
    return func(inst, *args, **kwargs)
           ^^^^^^^^^^^^^^^^^^^^^^^^^^^
  File "D:\Study\learning_odoo\odoo\modules\registry.py", line 113, in new
    odoo.modules.load_modules(registry, force_demo, status, update_module)
  File "D:\Study\learning_odoo\odoo\modules\loading.py", line 476, in load_modules
    processed_modules += load_marked_modules(env, graph,
                         ^^^^^^^^^^^^^^^^^^^^^^^^^^^^^^^
  File "D:\Study\learning_odoo\odoo\modules\loading.py", line 362, in load_marked_modules
    graph.add_modules(env.cr, module_list, force)
  File "D:\Study\learning_odoo\odoo\modules\graph.py", line 71, in add_modules
    info = odoo.modules.module.get_manifest(module)
           ^^^^^^^^^^^^^^^^^^^^^^^^^^^^^^^^^^^^^^^^
  File "D:\Study\learning_odoo\odoo\modules\module.py", line 369, in get_manifest
    return copy.deepcopy(_get_manifest_cached(module, mod_path))
                         ^^^^^^^^^^^^^^^^^^^^^^^^^^^^^^^^^^^^^^
  File "D:\Study\learning_odoo\odoo\modules\module.py", line 373, in _get_manifest_cached
    return load_manifest(module, mod_path)
           ^^^^^^^^^^^^^^^^^^^^^^^^^^^^^^^
  File "D:\Study\learning_odoo\odoo\modules\module.py", line 319, in load_manifest
    manifest.update(ast.literal_eval(f.read()))
                    ^^^^^^^^^^^^^^^^^^^^^^^^^^
  File "D:\Study\learning_odoo\odoo\tools\_monkeypatches.py", line 73, in literal_eval
    return orig_literal_eval(expr)
           ^^^^^^^^^^^^^^^^^^^^^^^
  File "C:\Python312\Lib\ast.py", line 66, in literal_eval
    node_or_string = parse(node_or_string.lstrip(" \t"), mode='eval')
                     ^^^^^^^^^^^^^^^^^^^^^^^^^^^^^^^^^^^^^^^^^^^^^^^^
  File "C:\Python312\Lib\ast.py", line 52, in parse
    return compile(source, filename, mode, flags,
           ^^^^^^^^^^^^^^^^^^^^^^^^^^^^^^^^^^^^^^
  File "<unknown>", line 2
    name = 'My super demo module'
         ^
SyntaxError: invalid syntax
2024-06-22 15:29:43,882 19888 INFO odoo_test werkzeug: 127.0.0.1 - - [22/Jun/2024 15:29:43] "GET /web/service-worker.js HTTP/1.1" 500 - 11 0.003 0.016
2024-06-22 15:31:12,623 19888 INFO odoo_test odoo.service.server: Initiating shutdown 
2024-06-22 15:31:12,623 19888 INFO odoo_test odoo.service.server: Hit CTRL-C again or send a second signal to force the shutdown. 
2024-06-22 15:31:12,648 19888 INFO odoo_test odoo.sql_db: ConnectionPool(used=0/count=0/max=64): Closed 3 connections  
2024-06-22 15:31:16,375 32252 INFO ? odoo: Odoo version 17.0 
2024-06-22 15:31:16,376 32252 INFO ? odoo: Using configuration file at D:\Study\learning_odoo\conf\odoo.conf 
2024-06-22 15:31:16,376 32252 INFO ? odoo: addons paths: ['D:\\Study\\learning_odoo\\odoo\\addons', 'd:\\study\\learning_odoo\\data\\addons\\17.0', 'd:\\study\\learning_odoo\\addons', 'd:\\study\\learning_odoo\\custom_addons', 'd:\\study\\learning_odoo\\odoo\\addons', 'd:\\study\\learning_odoo\\my_addons'] 
2024-06-22 15:31:16,376 32252 INFO ? odoo: database: odoo_admin@localhost:5432 
2024-06-22 15:31:16,623 32252 INFO ? odoo.addons.base.models.ir_actions_report: You need Wkhtmltopdf to print a pdf version of the reports. 
2024-06-22 15:31:16,912 32252 INFO odoo_test odoo.modules.loading: loading 1 modules... 
2024-06-22 15:31:16,943 32252 INFO odoo_test odoo.modules.loading: 1 modules loaded in 0.03s, 0 queries (+0 extra) 
2024-06-22 15:31:16,958 32252 INFO odoo_test odoo.modules.loading: updating modules list 
2024-06-22 15:31:16,960 32252 INFO odoo_test odoo.addons.base.models.ir_module: ALLOW access to module.update_list on [] to user __system__ #1 via n/a 
2024-06-22 15:31:17,693 32252 INFO ? odoo.service.server: HTTP service (werkzeug) running on Dmitriy-PC:8069 
2024-06-22 15:31:18,423 32252 INFO odoo_test odoo.addons.base.models.ir_module: ALLOW access to module.button_upgrade on [False] to user __system__ #1 via n/a 
2024-06-22 15:31:18,424 32252 INFO odoo_test odoo.addons.base.models.ir_module: ALLOW access to module.update_list on [False] to user __system__ #1 via n/a 
2024-06-22 15:31:19,093 32252 INFO odoo_test odoo.addons.base.models.ir_module: ALLOW access to module.button_install on [] to user __system__ #1 via n/a 
2024-06-22 15:31:19,119 32252 WARNING odoo_test odoo.modules.loading: Transient module states were reset 
2024-06-22 15:31:19,119 32252 ERROR odoo_test odoo.modules.registry: Failed to load registry 
Traceback (most recent call last):
  File "D:\Study\learning_odoo\odoo\modules\registry.py", line 113, in new
    odoo.modules.load_modules(registry, force_demo, status, update_module)
  File "D:\Study\learning_odoo\odoo\modules\loading.py", line 476, in load_modules
    processed_modules += load_marked_modules(env, graph,
                         ^^^^^^^^^^^^^^^^^^^^^^^^^^^^^^^
  File "D:\Study\learning_odoo\odoo\modules\loading.py", line 362, in load_marked_modules
    graph.add_modules(env.cr, module_list, force)
  File "D:\Study\learning_odoo\odoo\modules\graph.py", line 71, in add_modules
    info = odoo.modules.module.get_manifest(module)
           ^^^^^^^^^^^^^^^^^^^^^^^^^^^^^^^^^^^^^^^^
  File "D:\Study\learning_odoo\odoo\modules\module.py", line 369, in get_manifest
    return copy.deepcopy(_get_manifest_cached(module, mod_path))
                         ^^^^^^^^^^^^^^^^^^^^^^^^^^^^^^^^^^^^^^
  File "D:\Study\learning_odoo\odoo\modules\module.py", line 373, in _get_manifest_cached
    return load_manifest(module, mod_path)
           ^^^^^^^^^^^^^^^^^^^^^^^^^^^^^^^
  File "D:\Study\learning_odoo\odoo\modules\module.py", line 319, in load_manifest
    manifest.update(ast.literal_eval(f.read()))
                    ^^^^^^^^^^^^^^^^^^^^^^^^^^
  File "D:\Study\learning_odoo\odoo\tools\_monkeypatches.py", line 73, in literal_eval
    return orig_literal_eval(expr)
           ^^^^^^^^^^^^^^^^^^^^^^^
  File "C:\Python312\Lib\ast.py", line 66, in literal_eval
    node_or_string = parse(node_or_string.lstrip(" \t"), mode='eval')
                     ^^^^^^^^^^^^^^^^^^^^^^^^^^^^^^^^^^^^^^^^^^^^^^^^
  File "C:\Python312\Lib\ast.py", line 52, in parse
    return compile(source, filename, mode, flags,
           ^^^^^^^^^^^^^^^^^^^^^^^^^^^^^^^^^^^^^^
  File "<unknown>", line 5
    {
    ^
SyntaxError: invalid syntax
2024-06-22 15:31:19,123 32252 CRITICAL odoo_test odoo.service.server: Failed to initialize database `odoo_test`. 
Traceback (most recent call last):
  File "D:\Study\learning_odoo\odoo\service\server.py", line 1313, in preload_registries
    registry = Registry.new(dbname, update_module=update_module)
               ^^^^^^^^^^^^^^^^^^^^^^^^^^^^^^^^^^^^^^^^^^^^^^^^^
  File "<decorator-gen-16>", line 2, in new
  File "D:\Study\learning_odoo\odoo\tools\func.py", line 87, in locked
    return func(inst, *args, **kwargs)
           ^^^^^^^^^^^^^^^^^^^^^^^^^^^
  File "D:\Study\learning_odoo\odoo\modules\registry.py", line 113, in new
    odoo.modules.load_modules(registry, force_demo, status, update_module)
  File "D:\Study\learning_odoo\odoo\modules\loading.py", line 476, in load_modules
    processed_modules += load_marked_modules(env, graph,
                         ^^^^^^^^^^^^^^^^^^^^^^^^^^^^^^^
  File "D:\Study\learning_odoo\odoo\modules\loading.py", line 362, in load_marked_modules
    graph.add_modules(env.cr, module_list, force)
  File "D:\Study\learning_odoo\odoo\modules\graph.py", line 71, in add_modules
    info = odoo.modules.module.get_manifest(module)
           ^^^^^^^^^^^^^^^^^^^^^^^^^^^^^^^^^^^^^^^^
  File "D:\Study\learning_odoo\odoo\modules\module.py", line 369, in get_manifest
    return copy.deepcopy(_get_manifest_cached(module, mod_path))
                         ^^^^^^^^^^^^^^^^^^^^^^^^^^^^^^^^^^^^^^
  File "D:\Study\learning_odoo\odoo\modules\module.py", line 373, in _get_manifest_cached
    return load_manifest(module, mod_path)
           ^^^^^^^^^^^^^^^^^^^^^^^^^^^^^^^
  File "D:\Study\learning_odoo\odoo\modules\module.py", line 319, in load_manifest
    manifest.update(ast.literal_eval(f.read()))
                    ^^^^^^^^^^^^^^^^^^^^^^^^^^
  File "D:\Study\learning_odoo\odoo\tools\_monkeypatches.py", line 73, in literal_eval
    return orig_literal_eval(expr)
           ^^^^^^^^^^^^^^^^^^^^^^^
  File "C:\Python312\Lib\ast.py", line 66, in literal_eval
    node_or_string = parse(node_or_string.lstrip(" \t"), mode='eval')
                     ^^^^^^^^^^^^^^^^^^^^^^^^^^^^^^^^^^^^^^^^^^^^^^^^
  File "C:\Python312\Lib\ast.py", line 52, in parse
    return compile(source, filename, mode, flags,
           ^^^^^^^^^^^^^^^^^^^^^^^^^^^^^^^^^^^^^^
  File "<unknown>", line 5
    {
    ^
SyntaxError: invalid syntax
2024-06-22 15:31:21,957 32252 INFO odoo_test odoo.modules.loading: loading 1 modules... 
2024-06-22 15:31:21,963 32252 INFO odoo_test odoo.modules.loading: 1 modules loaded in 0.01s, 0 queries (+0 extra) 
2024-06-22 15:31:21,967 32252 WARNING odoo_test odoo.modules.loading: Transient module states were reset 
2024-06-22 15:31:21,967 32252 ERROR odoo_test odoo.modules.registry: Failed to load registry 
Traceback (most recent call last):
  File "D:\Study\learning_odoo\odoo\modules\registry.py", line 87, in __new__
    return cls.registries[db_name]
           ~~~~~~~~~~~~~~^^^^^^^^^
  File "<decorator-gen-5>", line 2, in __getitem__
  File "D:\Study\learning_odoo\odoo\tools\func.py", line 87, in locked
    return func(inst, *args, **kwargs)
           ^^^^^^^^^^^^^^^^^^^^^^^^^^^
  File "D:\Study\learning_odoo\odoo\tools\lru.py", line 34, in __getitem__
    a = self.d[obj]
        ~~~~~~^^^^^
KeyError: 'odoo_test'

During handling of the above exception, another exception occurred:

Traceback (most recent call last):
  File "D:\Study\learning_odoo\odoo\modules\registry.py", line 113, in new
    odoo.modules.load_modules(registry, force_demo, status, update_module)
  File "D:\Study\learning_odoo\odoo\modules\loading.py", line 476, in load_modules
    processed_modules += load_marked_modules(env, graph,
                         ^^^^^^^^^^^^^^^^^^^^^^^^^^^^^^^
  File "D:\Study\learning_odoo\odoo\modules\loading.py", line 362, in load_marked_modules
    graph.add_modules(env.cr, module_list, force)
  File "D:\Study\learning_odoo\odoo\modules\graph.py", line 71, in add_modules
    info = odoo.modules.module.get_manifest(module)
           ^^^^^^^^^^^^^^^^^^^^^^^^^^^^^^^^^^^^^^^^
  File "D:\Study\learning_odoo\odoo\modules\module.py", line 369, in get_manifest
    return copy.deepcopy(_get_manifest_cached(module, mod_path))
                         ^^^^^^^^^^^^^^^^^^^^^^^^^^^^^^^^^^^^^^
  File "D:\Study\learning_odoo\odoo\modules\module.py", line 373, in _get_manifest_cached
    return load_manifest(module, mod_path)
           ^^^^^^^^^^^^^^^^^^^^^^^^^^^^^^^
  File "D:\Study\learning_odoo\odoo\modules\module.py", line 319, in load_manifest
    manifest.update(ast.literal_eval(f.read()))
                    ^^^^^^^^^^^^^^^^^^^^^^^^^^
  File "D:\Study\learning_odoo\odoo\tools\_monkeypatches.py", line 73, in literal_eval
    return orig_literal_eval(expr)
           ^^^^^^^^^^^^^^^^^^^^^^^
  File "C:\Python312\Lib\ast.py", line 66, in literal_eval
    node_or_string = parse(node_or_string.lstrip(" \t"), mode='eval')
                     ^^^^^^^^^^^^^^^^^^^^^^^^^^^^^^^^^^^^^^^^^^^^^^^^
  File "C:\Python312\Lib\ast.py", line 52, in parse
    return compile(source, filename, mode, flags,
           ^^^^^^^^^^^^^^^^^^^^^^^^^^^^^^^^^^^^^^
  File "<unknown>", line 5
    {
    ^
SyntaxError: invalid syntax
2024-06-22 15:31:21,970 32252 ERROR odoo_test odoo.http: Exception during request handling. 
Traceback (most recent call last):
  File "D:\Study\learning_odoo\odoo\modules\registry.py", line 87, in __new__
    return cls.registries[db_name]
           ~~~~~~~~~~~~~~^^^^^^^^^
  File "<decorator-gen-5>", line 2, in __getitem__
  File "D:\Study\learning_odoo\odoo\tools\func.py", line 87, in locked
    return func(inst, *args, **kwargs)
           ^^^^^^^^^^^^^^^^^^^^^^^^^^^
  File "D:\Study\learning_odoo\odoo\tools\lru.py", line 34, in __getitem__
    a = self.d[obj]
        ~~~~~~^^^^^
KeyError: 'odoo_test'

During handling of the above exception, another exception occurred:

Traceback (most recent call last):
  File "D:\Study\learning_odoo\odoo\http.py", line 2173, in __call__
    response = request._serve_db()
               ^^^^^^^^^^^^^^^^^^^
  File "D:\Study\learning_odoo\odoo\http.py", line 1727, in _serve_db
    self.registry = Registry(self.db).check_signaling()
                    ^^^^^^^^^^^^^^^^^
  File "D:\Study\learning_odoo\odoo\modules\registry.py", line 89, in __new__
    return cls.new(db_name)
           ^^^^^^^^^^^^^^^^
  File "<decorator-gen-16>", line 2, in new
  File "D:\Study\learning_odoo\odoo\tools\func.py", line 87, in locked
    return func(inst, *args, **kwargs)
           ^^^^^^^^^^^^^^^^^^^^^^^^^^^
  File "D:\Study\learning_odoo\odoo\modules\registry.py", line 113, in new
    odoo.modules.load_modules(registry, force_demo, status, update_module)
  File "D:\Study\learning_odoo\odoo\modules\loading.py", line 476, in load_modules
    processed_modules += load_marked_modules(env, graph,
                         ^^^^^^^^^^^^^^^^^^^^^^^^^^^^^^^
  File "D:\Study\learning_odoo\odoo\modules\loading.py", line 362, in load_marked_modules
    graph.add_modules(env.cr, module_list, force)
  File "D:\Study\learning_odoo\odoo\modules\graph.py", line 71, in add_modules
    info = odoo.modules.module.get_manifest(module)
           ^^^^^^^^^^^^^^^^^^^^^^^^^^^^^^^^^^^^^^^^
  File "D:\Study\learning_odoo\odoo\modules\module.py", line 369, in get_manifest
    return copy.deepcopy(_get_manifest_cached(module, mod_path))
                         ^^^^^^^^^^^^^^^^^^^^^^^^^^^^^^^^^^^^^^
  File "D:\Study\learning_odoo\odoo\modules\module.py", line 373, in _get_manifest_cached
    return load_manifest(module, mod_path)
           ^^^^^^^^^^^^^^^^^^^^^^^^^^^^^^^
  File "D:\Study\learning_odoo\odoo\modules\module.py", line 319, in load_manifest
    manifest.update(ast.literal_eval(f.read()))
                    ^^^^^^^^^^^^^^^^^^^^^^^^^^
  File "D:\Study\learning_odoo\odoo\tools\_monkeypatches.py", line 73, in literal_eval
    return orig_literal_eval(expr)
           ^^^^^^^^^^^^^^^^^^^^^^^
  File "C:\Python312\Lib\ast.py", line 66, in literal_eval
    node_or_string = parse(node_or_string.lstrip(" \t"), mode='eval')
                     ^^^^^^^^^^^^^^^^^^^^^^^^^^^^^^^^^^^^^^^^^^^^^^^^
  File "C:\Python312\Lib\ast.py", line 52, in parse
    return compile(source, filename, mode, flags,
           ^^^^^^^^^^^^^^^^^^^^^^^^^^^^^^^^^^^^^^
  File "<unknown>", line 5
    {
    ^
SyntaxError: invalid syntax
2024-06-22 15:31:21,974 32252 INFO odoo_test werkzeug: 127.0.0.1 - - [22/Jun/2024 15:31:21] "GET /web?debug=1 HTTP/1.1" 500 - 11 0.003 0.020
2024-06-22 15:31:22,068 32252 INFO odoo_test odoo.modules.loading: loading 1 modules... 
2024-06-22 15:31:22,076 32252 INFO odoo_test odoo.modules.loading: 1 modules loaded in 0.01s, 0 queries (+0 extra) 
2024-06-22 15:31:22,081 32252 WARNING odoo_test odoo.modules.loading: Transient module states were reset 
2024-06-22 15:31:22,081 32252 ERROR odoo_test odoo.modules.registry: Failed to load registry 
Traceback (most recent call last):
  File "D:\Study\learning_odoo\odoo\modules\registry.py", line 87, in __new__
    return cls.registries[db_name]
           ~~~~~~~~~~~~~~^^^^^^^^^
  File "<decorator-gen-5>", line 2, in __getitem__
  File "D:\Study\learning_odoo\odoo\tools\func.py", line 87, in locked
    return func(inst, *args, **kwargs)
           ^^^^^^^^^^^^^^^^^^^^^^^^^^^
  File "D:\Study\learning_odoo\odoo\tools\lru.py", line 34, in __getitem__
    a = self.d[obj]
        ~~~~~~^^^^^
KeyError: 'odoo_test'

During handling of the above exception, another exception occurred:

Traceback (most recent call last):
  File "D:\Study\learning_odoo\odoo\modules\registry.py", line 113, in new
    odoo.modules.load_modules(registry, force_demo, status, update_module)
  File "D:\Study\learning_odoo\odoo\modules\loading.py", line 476, in load_modules
    processed_modules += load_marked_modules(env, graph,
                         ^^^^^^^^^^^^^^^^^^^^^^^^^^^^^^^
  File "D:\Study\learning_odoo\odoo\modules\loading.py", line 362, in load_marked_modules
    graph.add_modules(env.cr, module_list, force)
  File "D:\Study\learning_odoo\odoo\modules\graph.py", line 71, in add_modules
    info = odoo.modules.module.get_manifest(module)
           ^^^^^^^^^^^^^^^^^^^^^^^^^^^^^^^^^^^^^^^^
  File "D:\Study\learning_odoo\odoo\modules\module.py", line 369, in get_manifest
    return copy.deepcopy(_get_manifest_cached(module, mod_path))
                         ^^^^^^^^^^^^^^^^^^^^^^^^^^^^^^^^^^^^^^
  File "D:\Study\learning_odoo\odoo\modules\module.py", line 373, in _get_manifest_cached
    return load_manifest(module, mod_path)
           ^^^^^^^^^^^^^^^^^^^^^^^^^^^^^^^
  File "D:\Study\learning_odoo\odoo\modules\module.py", line 319, in load_manifest
    manifest.update(ast.literal_eval(f.read()))
                    ^^^^^^^^^^^^^^^^^^^^^^^^^^
  File "D:\Study\learning_odoo\odoo\tools\_monkeypatches.py", line 73, in literal_eval
    return orig_literal_eval(expr)
           ^^^^^^^^^^^^^^^^^^^^^^^
  File "C:\Python312\Lib\ast.py", line 66, in literal_eval
    node_or_string = parse(node_or_string.lstrip(" \t"), mode='eval')
                     ^^^^^^^^^^^^^^^^^^^^^^^^^^^^^^^^^^^^^^^^^^^^^^^^
  File "C:\Python312\Lib\ast.py", line 52, in parse
    return compile(source, filename, mode, flags,
           ^^^^^^^^^^^^^^^^^^^^^^^^^^^^^^^^^^^^^^
  File "<unknown>", line 5
    {
    ^
SyntaxError: invalid syntax
2024-06-22 15:31:22,083 32252 ERROR odoo_test odoo.http: Exception during request handling. 
Traceback (most recent call last):
  File "D:\Study\learning_odoo\odoo\modules\registry.py", line 87, in __new__
    return cls.registries[db_name]
           ~~~~~~~~~~~~~~^^^^^^^^^
  File "<decorator-gen-5>", line 2, in __getitem__
  File "D:\Study\learning_odoo\odoo\tools\func.py", line 87, in locked
    return func(inst, *args, **kwargs)
           ^^^^^^^^^^^^^^^^^^^^^^^^^^^
  File "D:\Study\learning_odoo\odoo\tools\lru.py", line 34, in __getitem__
    a = self.d[obj]
        ~~~~~~^^^^^
KeyError: 'odoo_test'

During handling of the above exception, another exception occurred:

Traceback (most recent call last):
  File "D:\Study\learning_odoo\odoo\http.py", line 2173, in __call__
    response = request._serve_db()
               ^^^^^^^^^^^^^^^^^^^
  File "D:\Study\learning_odoo\odoo\http.py", line 1727, in _serve_db
    self.registry = Registry(self.db).check_signaling()
                    ^^^^^^^^^^^^^^^^^
  File "D:\Study\learning_odoo\odoo\modules\registry.py", line 89, in __new__
    return cls.new(db_name)
           ^^^^^^^^^^^^^^^^
  File "<decorator-gen-16>", line 2, in new
  File "D:\Study\learning_odoo\odoo\tools\func.py", line 87, in locked
    return func(inst, *args, **kwargs)
           ^^^^^^^^^^^^^^^^^^^^^^^^^^^
  File "D:\Study\learning_odoo\odoo\modules\registry.py", line 113, in new
    odoo.modules.load_modules(registry, force_demo, status, update_module)
  File "D:\Study\learning_odoo\odoo\modules\loading.py", line 476, in load_modules
    processed_modules += load_marked_modules(env, graph,
                         ^^^^^^^^^^^^^^^^^^^^^^^^^^^^^^^
  File "D:\Study\learning_odoo\odoo\modules\loading.py", line 362, in load_marked_modules
    graph.add_modules(env.cr, module_list, force)
  File "D:\Study\learning_odoo\odoo\modules\graph.py", line 71, in add_modules
    info = odoo.modules.module.get_manifest(module)
           ^^^^^^^^^^^^^^^^^^^^^^^^^^^^^^^^^^^^^^^^
  File "D:\Study\learning_odoo\odoo\modules\module.py", line 369, in get_manifest
    return copy.deepcopy(_get_manifest_cached(module, mod_path))
                         ^^^^^^^^^^^^^^^^^^^^^^^^^^^^^^^^^^^^^^
  File "D:\Study\learning_odoo\odoo\modules\module.py", line 373, in _get_manifest_cached
    return load_manifest(module, mod_path)
           ^^^^^^^^^^^^^^^^^^^^^^^^^^^^^^^
  File "D:\Study\learning_odoo\odoo\modules\module.py", line 319, in load_manifest
    manifest.update(ast.literal_eval(f.read()))
                    ^^^^^^^^^^^^^^^^^^^^^^^^^^
  File "D:\Study\learning_odoo\odoo\tools\_monkeypatches.py", line 73, in literal_eval
    return orig_literal_eval(expr)
           ^^^^^^^^^^^^^^^^^^^^^^^
  File "C:\Python312\Lib\ast.py", line 66, in literal_eval
    node_or_string = parse(node_or_string.lstrip(" \t"), mode='eval')
                     ^^^^^^^^^^^^^^^^^^^^^^^^^^^^^^^^^^^^^^^^^^^^^^^^
  File "C:\Python312\Lib\ast.py", line 52, in parse
    return compile(source, filename, mode, flags,
           ^^^^^^^^^^^^^^^^^^^^^^^^^^^^^^^^^^^^^^
  File "<unknown>", line 5
    {
    ^
SyntaxError: invalid syntax
2024-06-22 15:31:22,085 32252 INFO odoo_test werkzeug: 127.0.0.1 - - [22/Jun/2024 15:31:22] "GET /favicon.ico HTTP/1.1" 500 - 11 0.006 0.019
2024-06-22 15:31:22,939 32252 INFO odoo_test odoo.modules.loading: loading 1 modules... 
2024-06-22 15:31:22,947 32252 INFO odoo_test odoo.modules.loading: 1 modules loaded in 0.01s, 0 queries (+0 extra) 
2024-06-22 15:31:22,953 32252 WARNING odoo_test odoo.modules.loading: Transient module states were reset 
2024-06-22 15:31:22,953 32252 ERROR odoo_test odoo.modules.registry: Failed to load registry 
Traceback (most recent call last):
  File "D:\Study\learning_odoo\odoo\modules\registry.py", line 87, in __new__
    return cls.registries[db_name]
           ~~~~~~~~~~~~~~^^^^^^^^^
  File "<decorator-gen-5>", line 2, in __getitem__
  File "D:\Study\learning_odoo\odoo\tools\func.py", line 87, in locked
    return func(inst, *args, **kwargs)
           ^^^^^^^^^^^^^^^^^^^^^^^^^^^
  File "D:\Study\learning_odoo\odoo\tools\lru.py", line 34, in __getitem__
    a = self.d[obj]
        ~~~~~~^^^^^
KeyError: 'odoo_test'

During handling of the above exception, another exception occurred:

Traceback (most recent call last):
  File "D:\Study\learning_odoo\odoo\modules\registry.py", line 113, in new
    odoo.modules.load_modules(registry, force_demo, status, update_module)
  File "D:\Study\learning_odoo\odoo\modules\loading.py", line 476, in load_modules
    processed_modules += load_marked_modules(env, graph,
                         ^^^^^^^^^^^^^^^^^^^^^^^^^^^^^^^
  File "D:\Study\learning_odoo\odoo\modules\loading.py", line 362, in load_marked_modules
    graph.add_modules(env.cr, module_list, force)
  File "D:\Study\learning_odoo\odoo\modules\graph.py", line 71, in add_modules
    info = odoo.modules.module.get_manifest(module)
           ^^^^^^^^^^^^^^^^^^^^^^^^^^^^^^^^^^^^^^^^
  File "D:\Study\learning_odoo\odoo\modules\module.py", line 369, in get_manifest
    return copy.deepcopy(_get_manifest_cached(module, mod_path))
                         ^^^^^^^^^^^^^^^^^^^^^^^^^^^^^^^^^^^^^^
  File "D:\Study\learning_odoo\odoo\modules\module.py", line 373, in _get_manifest_cached
    return load_manifest(module, mod_path)
           ^^^^^^^^^^^^^^^^^^^^^^^^^^^^^^^
  File "D:\Study\learning_odoo\odoo\modules\module.py", line 319, in load_manifest
    manifest.update(ast.literal_eval(f.read()))
                    ^^^^^^^^^^^^^^^^^^^^^^^^^^
  File "D:\Study\learning_odoo\odoo\tools\_monkeypatches.py", line 73, in literal_eval
    return orig_literal_eval(expr)
           ^^^^^^^^^^^^^^^^^^^^^^^
  File "C:\Python312\Lib\ast.py", line 66, in literal_eval
    node_or_string = parse(node_or_string.lstrip(" \t"), mode='eval')
                     ^^^^^^^^^^^^^^^^^^^^^^^^^^^^^^^^^^^^^^^^^^^^^^^^
  File "C:\Python312\Lib\ast.py", line 52, in parse
    return compile(source, filename, mode, flags,
           ^^^^^^^^^^^^^^^^^^^^^^^^^^^^^^^^^^^^^^
  File "<unknown>", line 5
    {
    ^
SyntaxError: invalid syntax
2024-06-22 15:31:22,955 32252 ERROR odoo_test odoo.http: Exception during request handling. 
Traceback (most recent call last):
  File "D:\Study\learning_odoo\odoo\modules\registry.py", line 87, in __new__
    return cls.registries[db_name]
           ~~~~~~~~~~~~~~^^^^^^^^^
  File "<decorator-gen-5>", line 2, in __getitem__
  File "D:\Study\learning_odoo\odoo\tools\func.py", line 87, in locked
    return func(inst, *args, **kwargs)
           ^^^^^^^^^^^^^^^^^^^^^^^^^^^
  File "D:\Study\learning_odoo\odoo\tools\lru.py", line 34, in __getitem__
    a = self.d[obj]
        ~~~~~~^^^^^
KeyError: 'odoo_test'

During handling of the above exception, another exception occurred:

Traceback (most recent call last):
  File "D:\Study\learning_odoo\odoo\http.py", line 2173, in __call__
    response = request._serve_db()
               ^^^^^^^^^^^^^^^^^^^
  File "D:\Study\learning_odoo\odoo\http.py", line 1727, in _serve_db
    self.registry = Registry(self.db).check_signaling()
                    ^^^^^^^^^^^^^^^^^
  File "D:\Study\learning_odoo\odoo\modules\registry.py", line 89, in __new__
    return cls.new(db_name)
           ^^^^^^^^^^^^^^^^
  File "<decorator-gen-16>", line 2, in new
  File "D:\Study\learning_odoo\odoo\tools\func.py", line 87, in locked
    return func(inst, *args, **kwargs)
           ^^^^^^^^^^^^^^^^^^^^^^^^^^^
  File "D:\Study\learning_odoo\odoo\modules\registry.py", line 113, in new
    odoo.modules.load_modules(registry, force_demo, status, update_module)
  File "D:\Study\learning_odoo\odoo\modules\loading.py", line 476, in load_modules
    processed_modules += load_marked_modules(env, graph,
                         ^^^^^^^^^^^^^^^^^^^^^^^^^^^^^^^
  File "D:\Study\learning_odoo\odoo\modules\loading.py", line 362, in load_marked_modules
    graph.add_modules(env.cr, module_list, force)
  File "D:\Study\learning_odoo\odoo\modules\graph.py", line 71, in add_modules
    info = odoo.modules.module.get_manifest(module)
           ^^^^^^^^^^^^^^^^^^^^^^^^^^^^^^^^^^^^^^^^
  File "D:\Study\learning_odoo\odoo\modules\module.py", line 369, in get_manifest
    return copy.deepcopy(_get_manifest_cached(module, mod_path))
                         ^^^^^^^^^^^^^^^^^^^^^^^^^^^^^^^^^^^^^^
  File "D:\Study\learning_odoo\odoo\modules\module.py", line 373, in _get_manifest_cached
    return load_manifest(module, mod_path)
           ^^^^^^^^^^^^^^^^^^^^^^^^^^^^^^^
  File "D:\Study\learning_odoo\odoo\modules\module.py", line 319, in load_manifest
    manifest.update(ast.literal_eval(f.read()))
                    ^^^^^^^^^^^^^^^^^^^^^^^^^^
  File "D:\Study\learning_odoo\odoo\tools\_monkeypatches.py", line 73, in literal_eval
    return orig_literal_eval(expr)
           ^^^^^^^^^^^^^^^^^^^^^^^
  File "C:\Python312\Lib\ast.py", line 66, in literal_eval
    node_or_string = parse(node_or_string.lstrip(" \t"), mode='eval')
                     ^^^^^^^^^^^^^^^^^^^^^^^^^^^^^^^^^^^^^^^^^^^^^^^^
  File "C:\Python312\Lib\ast.py", line 52, in parse
    return compile(source, filename, mode, flags,
           ^^^^^^^^^^^^^^^^^^^^^^^^^^^^^^^^^^^^^^
  File "<unknown>", line 5
    {
    ^
SyntaxError: invalid syntax
2024-06-22 15:31:22,959 32252 INFO odoo_test werkzeug: 127.0.0.1 - - [22/Jun/2024 15:31:22] "GET /web?debug=1 HTTP/1.1" 500 - 11 0.006 0.022
2024-06-22 15:31:23,246 32252 INFO odoo_test odoo.modules.loading: loading 1 modules... 
2024-06-22 15:31:23,251 32252 INFO odoo_test odoo.modules.loading: 1 modules loaded in 0.01s, 0 queries (+0 extra) 
2024-06-22 15:31:23,256 32252 WARNING odoo_test odoo.modules.loading: Transient module states were reset 
2024-06-22 15:31:23,257 32252 ERROR odoo_test odoo.modules.registry: Failed to load registry 
Traceback (most recent call last):
  File "D:\Study\learning_odoo\odoo\modules\registry.py", line 87, in __new__
    return cls.registries[db_name]
           ~~~~~~~~~~~~~~^^^^^^^^^
  File "<decorator-gen-5>", line 2, in __getitem__
  File "D:\Study\learning_odoo\odoo\tools\func.py", line 87, in locked
    return func(inst, *args, **kwargs)
           ^^^^^^^^^^^^^^^^^^^^^^^^^^^
  File "D:\Study\learning_odoo\odoo\tools\lru.py", line 34, in __getitem__
    a = self.d[obj]
        ~~~~~~^^^^^
KeyError: 'odoo_test'

During handling of the above exception, another exception occurred:

Traceback (most recent call last):
  File "D:\Study\learning_odoo\odoo\modules\registry.py", line 113, in new
    odoo.modules.load_modules(registry, force_demo, status, update_module)
  File "D:\Study\learning_odoo\odoo\modules\loading.py", line 476, in load_modules
    processed_modules += load_marked_modules(env, graph,
                         ^^^^^^^^^^^^^^^^^^^^^^^^^^^^^^^
  File "D:\Study\learning_odoo\odoo\modules\loading.py", line 362, in load_marked_modules
    graph.add_modules(env.cr, module_list, force)
  File "D:\Study\learning_odoo\odoo\modules\graph.py", line 71, in add_modules
    info = odoo.modules.module.get_manifest(module)
           ^^^^^^^^^^^^^^^^^^^^^^^^^^^^^^^^^^^^^^^^
  File "D:\Study\learning_odoo\odoo\modules\module.py", line 369, in get_manifest
    return copy.deepcopy(_get_manifest_cached(module, mod_path))
                         ^^^^^^^^^^^^^^^^^^^^^^^^^^^^^^^^^^^^^^
  File "D:\Study\learning_odoo\odoo\modules\module.py", line 373, in _get_manifest_cached
    return load_manifest(module, mod_path)
           ^^^^^^^^^^^^^^^^^^^^^^^^^^^^^^^
  File "D:\Study\learning_odoo\odoo\modules\module.py", line 319, in load_manifest
    manifest.update(ast.literal_eval(f.read()))
                    ^^^^^^^^^^^^^^^^^^^^^^^^^^
  File "D:\Study\learning_odoo\odoo\tools\_monkeypatches.py", line 73, in literal_eval
    return orig_literal_eval(expr)
           ^^^^^^^^^^^^^^^^^^^^^^^
  File "C:\Python312\Lib\ast.py", line 66, in literal_eval
    node_or_string = parse(node_or_string.lstrip(" \t"), mode='eval')
                     ^^^^^^^^^^^^^^^^^^^^^^^^^^^^^^^^^^^^^^^^^^^^^^^^
  File "C:\Python312\Lib\ast.py", line 52, in parse
    return compile(source, filename, mode, flags,
           ^^^^^^^^^^^^^^^^^^^^^^^^^^^^^^^^^^^^^^
  File "<unknown>", line 5
    {
    ^
SyntaxError: invalid syntax
2024-06-22 15:31:23,259 32252 ERROR odoo_test odoo.http: Exception during request handling. 
Traceback (most recent call last):
  File "D:\Study\learning_odoo\odoo\modules\registry.py", line 87, in __new__
    return cls.registries[db_name]
           ~~~~~~~~~~~~~~^^^^^^^^^
  File "<decorator-gen-5>", line 2, in __getitem__
  File "D:\Study\learning_odoo\odoo\tools\func.py", line 87, in locked
    return func(inst, *args, **kwargs)
           ^^^^^^^^^^^^^^^^^^^^^^^^^^^
  File "D:\Study\learning_odoo\odoo\tools\lru.py", line 34, in __getitem__
    a = self.d[obj]
        ~~~~~~^^^^^
KeyError: 'odoo_test'

During handling of the above exception, another exception occurred:

Traceback (most recent call last):
  File "D:\Study\learning_odoo\odoo\http.py", line 2173, in __call__
    response = request._serve_db()
               ^^^^^^^^^^^^^^^^^^^
  File "D:\Study\learning_odoo\odoo\http.py", line 1727, in _serve_db
    self.registry = Registry(self.db).check_signaling()
                    ^^^^^^^^^^^^^^^^^
  File "D:\Study\learning_odoo\odoo\modules\registry.py", line 89, in __new__
    return cls.new(db_name)
           ^^^^^^^^^^^^^^^^
  File "<decorator-gen-16>", line 2, in new
  File "D:\Study\learning_odoo\odoo\tools\func.py", line 87, in locked
    return func(inst, *args, **kwargs)
           ^^^^^^^^^^^^^^^^^^^^^^^^^^^
  File "D:\Study\learning_odoo\odoo\modules\registry.py", line 113, in new
    odoo.modules.load_modules(registry, force_demo, status, update_module)
  File "D:\Study\learning_odoo\odoo\modules\loading.py", line 476, in load_modules
    processed_modules += load_marked_modules(env, graph,
                         ^^^^^^^^^^^^^^^^^^^^^^^^^^^^^^^
  File "D:\Study\learning_odoo\odoo\modules\loading.py", line 362, in load_marked_modules
    graph.add_modules(env.cr, module_list, force)
  File "D:\Study\learning_odoo\odoo\modules\graph.py", line 71, in add_modules
    info = odoo.modules.module.get_manifest(module)
           ^^^^^^^^^^^^^^^^^^^^^^^^^^^^^^^^^^^^^^^^
  File "D:\Study\learning_odoo\odoo\modules\module.py", line 369, in get_manifest
    return copy.deepcopy(_get_manifest_cached(module, mod_path))
                         ^^^^^^^^^^^^^^^^^^^^^^^^^^^^^^^^^^^^^^
  File "D:\Study\learning_odoo\odoo\modules\module.py", line 373, in _get_manifest_cached
    return load_manifest(module, mod_path)
           ^^^^^^^^^^^^^^^^^^^^^^^^^^^^^^^
  File "D:\Study\learning_odoo\odoo\modules\module.py", line 319, in load_manifest
    manifest.update(ast.literal_eval(f.read()))
                    ^^^^^^^^^^^^^^^^^^^^^^^^^^
  File "D:\Study\learning_odoo\odoo\tools\_monkeypatches.py", line 73, in literal_eval
    return orig_literal_eval(expr)
           ^^^^^^^^^^^^^^^^^^^^^^^
  File "C:\Python312\Lib\ast.py", line 66, in literal_eval
    node_or_string = parse(node_or_string.lstrip(" \t"), mode='eval')
                     ^^^^^^^^^^^^^^^^^^^^^^^^^^^^^^^^^^^^^^^^^^^^^^^^
  File "C:\Python312\Lib\ast.py", line 52, in parse
    return compile(source, filename, mode, flags,
           ^^^^^^^^^^^^^^^^^^^^^^^^^^^^^^^^^^^^^^
  File "<unknown>", line 5
    {
    ^
SyntaxError: invalid syntax
2024-06-22 15:31:23,261 32252 INFO odoo_test werkzeug: 127.0.0.1 - - [22/Jun/2024 15:31:23] "GET /favicon.ico HTTP/1.1" 500 - 11 0.005 0.015
2024-06-22 15:31:23,807 32252 INFO odoo_test odoo.modules.loading: loading 1 modules... 
2024-06-22 15:31:23,813 32252 INFO odoo_test odoo.modules.loading: 1 modules loaded in 0.01s, 0 queries (+0 extra) 
2024-06-22 15:31:23,817 32252 WARNING odoo_test odoo.modules.loading: Transient module states were reset 
2024-06-22 15:31:23,818 32252 ERROR odoo_test odoo.modules.registry: Failed to load registry 
Traceback (most recent call last):
  File "D:\Study\learning_odoo\odoo\modules\registry.py", line 87, in __new__
    return cls.registries[db_name]
           ~~~~~~~~~~~~~~^^^^^^^^^
  File "<decorator-gen-5>", line 2, in __getitem__
  File "D:\Study\learning_odoo\odoo\tools\func.py", line 87, in locked
    return func(inst, *args, **kwargs)
           ^^^^^^^^^^^^^^^^^^^^^^^^^^^
  File "D:\Study\learning_odoo\odoo\tools\lru.py", line 34, in __getitem__
    a = self.d[obj]
        ~~~~~~^^^^^
KeyError: 'odoo_test'

During handling of the above exception, another exception occurred:

Traceback (most recent call last):
  File "D:\Study\learning_odoo\odoo\modules\registry.py", line 113, in new
    odoo.modules.load_modules(registry, force_demo, status, update_module)
  File "D:\Study\learning_odoo\odoo\modules\loading.py", line 476, in load_modules
    processed_modules += load_marked_modules(env, graph,
                         ^^^^^^^^^^^^^^^^^^^^^^^^^^^^^^^
  File "D:\Study\learning_odoo\odoo\modules\loading.py", line 362, in load_marked_modules
    graph.add_modules(env.cr, module_list, force)
  File "D:\Study\learning_odoo\odoo\modules\graph.py", line 71, in add_modules
    info = odoo.modules.module.get_manifest(module)
           ^^^^^^^^^^^^^^^^^^^^^^^^^^^^^^^^^^^^^^^^
  File "D:\Study\learning_odoo\odoo\modules\module.py", line 369, in get_manifest
    return copy.deepcopy(_get_manifest_cached(module, mod_path))
                         ^^^^^^^^^^^^^^^^^^^^^^^^^^^^^^^^^^^^^^
  File "D:\Study\learning_odoo\odoo\modules\module.py", line 373, in _get_manifest_cached
    return load_manifest(module, mod_path)
           ^^^^^^^^^^^^^^^^^^^^^^^^^^^^^^^
  File "D:\Study\learning_odoo\odoo\modules\module.py", line 319, in load_manifest
    manifest.update(ast.literal_eval(f.read()))
                    ^^^^^^^^^^^^^^^^^^^^^^^^^^
  File "D:\Study\learning_odoo\odoo\tools\_monkeypatches.py", line 73, in literal_eval
    return orig_literal_eval(expr)
           ^^^^^^^^^^^^^^^^^^^^^^^
  File "C:\Python312\Lib\ast.py", line 66, in literal_eval
    node_or_string = parse(node_or_string.lstrip(" \t"), mode='eval')
                     ^^^^^^^^^^^^^^^^^^^^^^^^^^^^^^^^^^^^^^^^^^^^^^^^
  File "C:\Python312\Lib\ast.py", line 52, in parse
    return compile(source, filename, mode, flags,
           ^^^^^^^^^^^^^^^^^^^^^^^^^^^^^^^^^^^^^^
  File "<unknown>", line 5
    {
    ^
SyntaxError: invalid syntax
2024-06-22 15:31:23,820 32252 ERROR odoo_test odoo.http: Exception during request handling. 
Traceback (most recent call last):
  File "D:\Study\learning_odoo\odoo\modules\registry.py", line 87, in __new__
    return cls.registries[db_name]
           ~~~~~~~~~~~~~~^^^^^^^^^
  File "<decorator-gen-5>", line 2, in __getitem__
  File "D:\Study\learning_odoo\odoo\tools\func.py", line 87, in locked
    return func(inst, *args, **kwargs)
           ^^^^^^^^^^^^^^^^^^^^^^^^^^^
  File "D:\Study\learning_odoo\odoo\tools\lru.py", line 34, in __getitem__
    a = self.d[obj]
        ~~~~~~^^^^^
KeyError: 'odoo_test'

During handling of the above exception, another exception occurred:

Traceback (most recent call last):
  File "D:\Study\learning_odoo\odoo\http.py", line 2173, in __call__
    response = request._serve_db()
               ^^^^^^^^^^^^^^^^^^^
  File "D:\Study\learning_odoo\odoo\http.py", line 1727, in _serve_db
    self.registry = Registry(self.db).check_signaling()
                    ^^^^^^^^^^^^^^^^^
  File "D:\Study\learning_odoo\odoo\modules\registry.py", line 89, in __new__
    return cls.new(db_name)
           ^^^^^^^^^^^^^^^^
  File "<decorator-gen-16>", line 2, in new
  File "D:\Study\learning_odoo\odoo\tools\func.py", line 87, in locked
    return func(inst, *args, **kwargs)
           ^^^^^^^^^^^^^^^^^^^^^^^^^^^
  File "D:\Study\learning_odoo\odoo\modules\registry.py", line 113, in new
    odoo.modules.load_modules(registry, force_demo, status, update_module)
  File "D:\Study\learning_odoo\odoo\modules\loading.py", line 476, in load_modules
    processed_modules += load_marked_modules(env, graph,
                         ^^^^^^^^^^^^^^^^^^^^^^^^^^^^^^^
  File "D:\Study\learning_odoo\odoo\modules\loading.py", line 362, in load_marked_modules
    graph.add_modules(env.cr, module_list, force)
  File "D:\Study\learning_odoo\odoo\modules\graph.py", line 71, in add_modules
    info = odoo.modules.module.get_manifest(module)
           ^^^^^^^^^^^^^^^^^^^^^^^^^^^^^^^^^^^^^^^^
  File "D:\Study\learning_odoo\odoo\modules\module.py", line 369, in get_manifest
    return copy.deepcopy(_get_manifest_cached(module, mod_path))
                         ^^^^^^^^^^^^^^^^^^^^^^^^^^^^^^^^^^^^^^
  File "D:\Study\learning_odoo\odoo\modules\module.py", line 373, in _get_manifest_cached
    return load_manifest(module, mod_path)
           ^^^^^^^^^^^^^^^^^^^^^^^^^^^^^^^
  File "D:\Study\learning_odoo\odoo\modules\module.py", line 319, in load_manifest
    manifest.update(ast.literal_eval(f.read()))
                    ^^^^^^^^^^^^^^^^^^^^^^^^^^
  File "D:\Study\learning_odoo\odoo\tools\_monkeypatches.py", line 73, in literal_eval
    return orig_literal_eval(expr)
           ^^^^^^^^^^^^^^^^^^^^^^^
  File "C:\Python312\Lib\ast.py", line 66, in literal_eval
    node_or_string = parse(node_or_string.lstrip(" \t"), mode='eval')
                     ^^^^^^^^^^^^^^^^^^^^^^^^^^^^^^^^^^^^^^^^^^^^^^^^
  File "C:\Python312\Lib\ast.py", line 52, in parse
    return compile(source, filename, mode, flags,
           ^^^^^^^^^^^^^^^^^^^^^^^^^^^^^^^^^^^^^^
  File "<unknown>", line 5
    {
    ^
SyntaxError: invalid syntax
2024-06-22 15:31:23,823 32252 INFO odoo_test werkzeug: 127.0.0.1 - - [22/Jun/2024 15:31:23] "GET /web?debug=1 HTTP/1.1" 500 - 11 0.005 0.018
2024-06-22 15:31:23,827 32252 INFO odoo_test odoo.modules.loading: loading 1 modules... 
2024-06-22 15:31:23,832 32252 INFO odoo_test odoo.modules.loading: 1 modules loaded in 0.01s, 0 queries (+0 extra) 
2024-06-22 15:31:23,838 32252 WARNING odoo_test odoo.modules.loading: Transient module states were reset 
2024-06-22 15:31:23,839 32252 ERROR odoo_test odoo.modules.registry: Failed to load registry 
Traceback (most recent call last):
  File "D:\Study\learning_odoo\odoo\modules\registry.py", line 87, in __new__
    return cls.registries[db_name]
           ~~~~~~~~~~~~~~^^^^^^^^^
  File "<decorator-gen-5>", line 2, in __getitem__
  File "D:\Study\learning_odoo\odoo\tools\func.py", line 87, in locked
    return func(inst, *args, **kwargs)
           ^^^^^^^^^^^^^^^^^^^^^^^^^^^
  File "D:\Study\learning_odoo\odoo\tools\lru.py", line 34, in __getitem__
    a = self.d[obj]
        ~~~~~~^^^^^
KeyError: 'odoo_test'

During handling of the above exception, another exception occurred:

Traceback (most recent call last):
  File "D:\Study\learning_odoo\odoo\modules\registry.py", line 113, in new
    odoo.modules.load_modules(registry, force_demo, status, update_module)
  File "D:\Study\learning_odoo\odoo\modules\loading.py", line 476, in load_modules
    processed_modules += load_marked_modules(env, graph,
                         ^^^^^^^^^^^^^^^^^^^^^^^^^^^^^^^
  File "D:\Study\learning_odoo\odoo\modules\loading.py", line 362, in load_marked_modules
    graph.add_modules(env.cr, module_list, force)
  File "D:\Study\learning_odoo\odoo\modules\graph.py", line 71, in add_modules
    info = odoo.modules.module.get_manifest(module)
           ^^^^^^^^^^^^^^^^^^^^^^^^^^^^^^^^^^^^^^^^
  File "D:\Study\learning_odoo\odoo\modules\module.py", line 369, in get_manifest
    return copy.deepcopy(_get_manifest_cached(module, mod_path))
                         ^^^^^^^^^^^^^^^^^^^^^^^^^^^^^^^^^^^^^^
  File "D:\Study\learning_odoo\odoo\modules\module.py", line 373, in _get_manifest_cached
    return load_manifest(module, mod_path)
           ^^^^^^^^^^^^^^^^^^^^^^^^^^^^^^^
  File "D:\Study\learning_odoo\odoo\modules\module.py", line 319, in load_manifest
    manifest.update(ast.literal_eval(f.read()))
                    ^^^^^^^^^^^^^^^^^^^^^^^^^^
  File "D:\Study\learning_odoo\odoo\tools\_monkeypatches.py", line 73, in literal_eval
    return orig_literal_eval(expr)
           ^^^^^^^^^^^^^^^^^^^^^^^
  File "C:\Python312\Lib\ast.py", line 66, in literal_eval
    node_or_string = parse(node_or_string.lstrip(" \t"), mode='eval')
                     ^^^^^^^^^^^^^^^^^^^^^^^^^^^^^^^^^^^^^^^^^^^^^^^^
  File "C:\Python312\Lib\ast.py", line 52, in parse
    return compile(source, filename, mode, flags,
           ^^^^^^^^^^^^^^^^^^^^^^^^^^^^^^^^^^^^^^
  File "<unknown>", line 5
    {
    ^
SyntaxError: invalid syntax
2024-06-22 15:31:23,841 32252 ERROR odoo_test odoo.http: Exception during request handling. 
Traceback (most recent call last):
  File "D:\Study\learning_odoo\odoo\modules\registry.py", line 87, in __new__
    return cls.registries[db_name]
           ~~~~~~~~~~~~~~^^^^^^^^^
  File "<decorator-gen-5>", line 2, in __getitem__
  File "D:\Study\learning_odoo\odoo\tools\func.py", line 87, in locked
    return func(inst, *args, **kwargs)
           ^^^^^^^^^^^^^^^^^^^^^^^^^^^
  File "D:\Study\learning_odoo\odoo\tools\lru.py", line 34, in __getitem__
    a = self.d[obj]
        ~~~~~~^^^^^
KeyError: 'odoo_test'

During handling of the above exception, another exception occurred:

Traceback (most recent call last):
  File "D:\Study\learning_odoo\odoo\http.py", line 2173, in __call__
    response = request._serve_db()
               ^^^^^^^^^^^^^^^^^^^
  File "D:\Study\learning_odoo\odoo\http.py", line 1727, in _serve_db
    self.registry = Registry(self.db).check_signaling()
                    ^^^^^^^^^^^^^^^^^
  File "D:\Study\learning_odoo\odoo\modules\registry.py", line 89, in __new__
    return cls.new(db_name)
           ^^^^^^^^^^^^^^^^
  File "<decorator-gen-16>", line 2, in new
  File "D:\Study\learning_odoo\odoo\tools\func.py", line 87, in locked
    return func(inst, *args, **kwargs)
           ^^^^^^^^^^^^^^^^^^^^^^^^^^^
  File "D:\Study\learning_odoo\odoo\modules\registry.py", line 113, in new
    odoo.modules.load_modules(registry, force_demo, status, update_module)
  File "D:\Study\learning_odoo\odoo\modules\loading.py", line 476, in load_modules
    processed_modules += load_marked_modules(env, graph,
                         ^^^^^^^^^^^^^^^^^^^^^^^^^^^^^^^
  File "D:\Study\learning_odoo\odoo\modules\loading.py", line 362, in load_marked_modules
    graph.add_modules(env.cr, module_list, force)
  File "D:\Study\learning_odoo\odoo\modules\graph.py", line 71, in add_modules
    info = odoo.modules.module.get_manifest(module)
           ^^^^^^^^^^^^^^^^^^^^^^^^^^^^^^^^^^^^^^^^
  File "D:\Study\learning_odoo\odoo\modules\module.py", line 369, in get_manifest
    return copy.deepcopy(_get_manifest_cached(module, mod_path))
                         ^^^^^^^^^^^^^^^^^^^^^^^^^^^^^^^^^^^^^^
  File "D:\Study\learning_odoo\odoo\modules\module.py", line 373, in _get_manifest_cached
    return load_manifest(module, mod_path)
           ^^^^^^^^^^^^^^^^^^^^^^^^^^^^^^^
  File "D:\Study\learning_odoo\odoo\modules\module.py", line 319, in load_manifest
    manifest.update(ast.literal_eval(f.read()))
                    ^^^^^^^^^^^^^^^^^^^^^^^^^^
  File "D:\Study\learning_odoo\odoo\tools\_monkeypatches.py", line 73, in literal_eval
    return orig_literal_eval(expr)
           ^^^^^^^^^^^^^^^^^^^^^^^
  File "C:\Python312\Lib\ast.py", line 66, in literal_eval
    node_or_string = parse(node_or_string.lstrip(" \t"), mode='eval')
                     ^^^^^^^^^^^^^^^^^^^^^^^^^^^^^^^^^^^^^^^^^^^^^^^^
  File "C:\Python312\Lib\ast.py", line 52, in parse
    return compile(source, filename, mode, flags,
           ^^^^^^^^^^^^^^^^^^^^^^^^^^^^^^^^^^^^^^
  File "<unknown>", line 5
    {
    ^
SyntaxError: invalid syntax
2024-06-22 15:31:23,843 32252 INFO odoo_test werkzeug: 127.0.0.1 - - [22/Jun/2024 15:31:23] "GET /web/service-worker.js HTTP/1.1" 500 - 11 0.006 0.037
2024-06-22 15:31:24,061 32252 INFO odoo_test odoo.modules.loading: loading 1 modules... 
2024-06-22 15:31:24,067 32252 INFO odoo_test odoo.modules.loading: 1 modules loaded in 0.01s, 0 queries (+0 extra) 
2024-06-22 15:31:24,071 32252 WARNING odoo_test odoo.modules.loading: Transient module states were reset 
2024-06-22 15:31:24,072 32252 ERROR odoo_test odoo.modules.registry: Failed to load registry 
Traceback (most recent call last):
  File "D:\Study\learning_odoo\odoo\modules\registry.py", line 87, in __new__
    return cls.registries[db_name]
           ~~~~~~~~~~~~~~^^^^^^^^^
  File "<decorator-gen-5>", line 2, in __getitem__
  File "D:\Study\learning_odoo\odoo\tools\func.py", line 87, in locked
    return func(inst, *args, **kwargs)
           ^^^^^^^^^^^^^^^^^^^^^^^^^^^
  File "D:\Study\learning_odoo\odoo\tools\lru.py", line 34, in __getitem__
    a = self.d[obj]
        ~~~~~~^^^^^
KeyError: 'odoo_test'

During handling of the above exception, another exception occurred:

Traceback (most recent call last):
  File "D:\Study\learning_odoo\odoo\modules\registry.py", line 113, in new
    odoo.modules.load_modules(registry, force_demo, status, update_module)
  File "D:\Study\learning_odoo\odoo\modules\loading.py", line 476, in load_modules
    processed_modules += load_marked_modules(env, graph,
                         ^^^^^^^^^^^^^^^^^^^^^^^^^^^^^^^
  File "D:\Study\learning_odoo\odoo\modules\loading.py", line 362, in load_marked_modules
    graph.add_modules(env.cr, module_list, force)
  File "D:\Study\learning_odoo\odoo\modules\graph.py", line 71, in add_modules
    info = odoo.modules.module.get_manifest(module)
           ^^^^^^^^^^^^^^^^^^^^^^^^^^^^^^^^^^^^^^^^
  File "D:\Study\learning_odoo\odoo\modules\module.py", line 369, in get_manifest
    return copy.deepcopy(_get_manifest_cached(module, mod_path))
                         ^^^^^^^^^^^^^^^^^^^^^^^^^^^^^^^^^^^^^^
  File "D:\Study\learning_odoo\odoo\modules\module.py", line 373, in _get_manifest_cached
    return load_manifest(module, mod_path)
           ^^^^^^^^^^^^^^^^^^^^^^^^^^^^^^^
  File "D:\Study\learning_odoo\odoo\modules\module.py", line 319, in load_manifest
    manifest.update(ast.literal_eval(f.read()))
                    ^^^^^^^^^^^^^^^^^^^^^^^^^^
  File "D:\Study\learning_odoo\odoo\tools\_monkeypatches.py", line 73, in literal_eval
    return orig_literal_eval(expr)
           ^^^^^^^^^^^^^^^^^^^^^^^
  File "C:\Python312\Lib\ast.py", line 66, in literal_eval
    node_or_string = parse(node_or_string.lstrip(" \t"), mode='eval')
                     ^^^^^^^^^^^^^^^^^^^^^^^^^^^^^^^^^^^^^^^^^^^^^^^^
  File "C:\Python312\Lib\ast.py", line 52, in parse
    return compile(source, filename, mode, flags,
           ^^^^^^^^^^^^^^^^^^^^^^^^^^^^^^^^^^^^^^
  File "<unknown>", line 5
    {
    ^
SyntaxError: invalid syntax
2024-06-22 15:31:24,074 32252 ERROR odoo_test odoo.http: Exception during request handling. 
Traceback (most recent call last):
  File "D:\Study\learning_odoo\odoo\modules\registry.py", line 87, in __new__
    return cls.registries[db_name]
           ~~~~~~~~~~~~~~^^^^^^^^^
  File "<decorator-gen-5>", line 2, in __getitem__
  File "D:\Study\learning_odoo\odoo\tools\func.py", line 87, in locked
    return func(inst, *args, **kwargs)
           ^^^^^^^^^^^^^^^^^^^^^^^^^^^
  File "D:\Study\learning_odoo\odoo\tools\lru.py", line 34, in __getitem__
    a = self.d[obj]
        ~~~~~~^^^^^
KeyError: 'odoo_test'

During handling of the above exception, another exception occurred:

Traceback (most recent call last):
  File "D:\Study\learning_odoo\odoo\http.py", line 2173, in __call__
    response = request._serve_db()
               ^^^^^^^^^^^^^^^^^^^
  File "D:\Study\learning_odoo\odoo\http.py", line 1727, in _serve_db
    self.registry = Registry(self.db).check_signaling()
                    ^^^^^^^^^^^^^^^^^
  File "D:\Study\learning_odoo\odoo\modules\registry.py", line 89, in __new__
    return cls.new(db_name)
           ^^^^^^^^^^^^^^^^
  File "<decorator-gen-16>", line 2, in new
  File "D:\Study\learning_odoo\odoo\tools\func.py", line 87, in locked
    return func(inst, *args, **kwargs)
           ^^^^^^^^^^^^^^^^^^^^^^^^^^^
  File "D:\Study\learning_odoo\odoo\modules\registry.py", line 113, in new
    odoo.modules.load_modules(registry, force_demo, status, update_module)
  File "D:\Study\learning_odoo\odoo\modules\loading.py", line 476, in load_modules
    processed_modules += load_marked_modules(env, graph,
                         ^^^^^^^^^^^^^^^^^^^^^^^^^^^^^^^
  File "D:\Study\learning_odoo\odoo\modules\loading.py", line 362, in load_marked_modules
    graph.add_modules(env.cr, module_list, force)
  File "D:\Study\learning_odoo\odoo\modules\graph.py", line 71, in add_modules
    info = odoo.modules.module.get_manifest(module)
           ^^^^^^^^^^^^^^^^^^^^^^^^^^^^^^^^^^^^^^^^
  File "D:\Study\learning_odoo\odoo\modules\module.py", line 369, in get_manifest
    return copy.deepcopy(_get_manifest_cached(module, mod_path))
                         ^^^^^^^^^^^^^^^^^^^^^^^^^^^^^^^^^^^^^^
  File "D:\Study\learning_odoo\odoo\modules\module.py", line 373, in _get_manifest_cached
    return load_manifest(module, mod_path)
           ^^^^^^^^^^^^^^^^^^^^^^^^^^^^^^^
  File "D:\Study\learning_odoo\odoo\modules\module.py", line 319, in load_manifest
    manifest.update(ast.literal_eval(f.read()))
                    ^^^^^^^^^^^^^^^^^^^^^^^^^^
  File "D:\Study\learning_odoo\odoo\tools\_monkeypatches.py", line 73, in literal_eval
    return orig_literal_eval(expr)
           ^^^^^^^^^^^^^^^^^^^^^^^
  File "C:\Python312\Lib\ast.py", line 66, in literal_eval
    node_or_string = parse(node_or_string.lstrip(" \t"), mode='eval')
                     ^^^^^^^^^^^^^^^^^^^^^^^^^^^^^^^^^^^^^^^^^^^^^^^^
  File "C:\Python312\Lib\ast.py", line 52, in parse
    return compile(source, filename, mode, flags,
           ^^^^^^^^^^^^^^^^^^^^^^^^^^^^^^^^^^^^^^
  File "<unknown>", line 5
    {
    ^
SyntaxError: invalid syntax
2024-06-22 15:31:24,076 32252 INFO odoo_test werkzeug: 127.0.0.1 - - [22/Jun/2024 15:31:24] "GET /web?debug=1 HTTP/1.1" 500 - 11 0.004 0.016
2024-06-22 15:31:24,218 32252 INFO odoo_test odoo.modules.loading: loading 1 modules... 
2024-06-22 15:31:24,226 32252 INFO odoo_test odoo.modules.loading: 1 modules loaded in 0.01s, 0 queries (+0 extra) 
2024-06-22 15:31:24,231 32252 WARNING odoo_test odoo.modules.loading: Transient module states were reset 
2024-06-22 15:31:24,232 32252 ERROR odoo_test odoo.modules.registry: Failed to load registry 
Traceback (most recent call last):
  File "D:\Study\learning_odoo\odoo\modules\registry.py", line 87, in __new__
    return cls.registries[db_name]
           ~~~~~~~~~~~~~~^^^^^^^^^
  File "<decorator-gen-5>", line 2, in __getitem__
  File "D:\Study\learning_odoo\odoo\tools\func.py", line 87, in locked
    return func(inst, *args, **kwargs)
           ^^^^^^^^^^^^^^^^^^^^^^^^^^^
  File "D:\Study\learning_odoo\odoo\tools\lru.py", line 34, in __getitem__
    a = self.d[obj]
        ~~~~~~^^^^^
KeyError: 'odoo_test'

During handling of the above exception, another exception occurred:

Traceback (most recent call last):
  File "D:\Study\learning_odoo\odoo\modules\registry.py", line 113, in new
    odoo.modules.load_modules(registry, force_demo, status, update_module)
  File "D:\Study\learning_odoo\odoo\modules\loading.py", line 476, in load_modules
    processed_modules += load_marked_modules(env, graph,
                         ^^^^^^^^^^^^^^^^^^^^^^^^^^^^^^^
  File "D:\Study\learning_odoo\odoo\modules\loading.py", line 362, in load_marked_modules
    graph.add_modules(env.cr, module_list, force)
  File "D:\Study\learning_odoo\odoo\modules\graph.py", line 71, in add_modules
    info = odoo.modules.module.get_manifest(module)
           ^^^^^^^^^^^^^^^^^^^^^^^^^^^^^^^^^^^^^^^^
  File "D:\Study\learning_odoo\odoo\modules\module.py", line 369, in get_manifest
    return copy.deepcopy(_get_manifest_cached(module, mod_path))
                         ^^^^^^^^^^^^^^^^^^^^^^^^^^^^^^^^^^^^^^
  File "D:\Study\learning_odoo\odoo\modules\module.py", line 373, in _get_manifest_cached
    return load_manifest(module, mod_path)
           ^^^^^^^^^^^^^^^^^^^^^^^^^^^^^^^
  File "D:\Study\learning_odoo\odoo\modules\module.py", line 319, in load_manifest
    manifest.update(ast.literal_eval(f.read()))
                    ^^^^^^^^^^^^^^^^^^^^^^^^^^
  File "D:\Study\learning_odoo\odoo\tools\_monkeypatches.py", line 73, in literal_eval
    return orig_literal_eval(expr)
           ^^^^^^^^^^^^^^^^^^^^^^^
  File "C:\Python312\Lib\ast.py", line 66, in literal_eval
    node_or_string = parse(node_or_string.lstrip(" \t"), mode='eval')
                     ^^^^^^^^^^^^^^^^^^^^^^^^^^^^^^^^^^^^^^^^^^^^^^^^
  File "C:\Python312\Lib\ast.py", line 52, in parse
    return compile(source, filename, mode, flags,
           ^^^^^^^^^^^^^^^^^^^^^^^^^^^^^^^^^^^^^^
  File "<unknown>", line 5
    {
    ^
SyntaxError: invalid syntax
2024-06-22 15:31:24,234 32252 ERROR odoo_test odoo.http: Exception during request handling. 
Traceback (most recent call last):
  File "D:\Study\learning_odoo\odoo\modules\registry.py", line 87, in __new__
    return cls.registries[db_name]
           ~~~~~~~~~~~~~~^^^^^^^^^
  File "<decorator-gen-5>", line 2, in __getitem__
  File "D:\Study\learning_odoo\odoo\tools\func.py", line 87, in locked
    return func(inst, *args, **kwargs)
           ^^^^^^^^^^^^^^^^^^^^^^^^^^^
  File "D:\Study\learning_odoo\odoo\tools\lru.py", line 34, in __getitem__
    a = self.d[obj]
        ~~~~~~^^^^^
KeyError: 'odoo_test'

During handling of the above exception, another exception occurred:

Traceback (most recent call last):
  File "D:\Study\learning_odoo\odoo\http.py", line 2173, in __call__
    response = request._serve_db()
               ^^^^^^^^^^^^^^^^^^^
  File "D:\Study\learning_odoo\odoo\http.py", line 1727, in _serve_db
    self.registry = Registry(self.db).check_signaling()
                    ^^^^^^^^^^^^^^^^^
  File "D:\Study\learning_odoo\odoo\modules\registry.py", line 89, in __new__
    return cls.new(db_name)
           ^^^^^^^^^^^^^^^^
  File "<decorator-gen-16>", line 2, in new
  File "D:\Study\learning_odoo\odoo\tools\func.py", line 87, in locked
    return func(inst, *args, **kwargs)
           ^^^^^^^^^^^^^^^^^^^^^^^^^^^
  File "D:\Study\learning_odoo\odoo\modules\registry.py", line 113, in new
    odoo.modules.load_modules(registry, force_demo, status, update_module)
  File "D:\Study\learning_odoo\odoo\modules\loading.py", line 476, in load_modules
    processed_modules += load_marked_modules(env, graph,
                         ^^^^^^^^^^^^^^^^^^^^^^^^^^^^^^^
  File "D:\Study\learning_odoo\odoo\modules\loading.py", line 362, in load_marked_modules
    graph.add_modules(env.cr, module_list, force)
  File "D:\Study\learning_odoo\odoo\modules\graph.py", line 71, in add_modules
    info = odoo.modules.module.get_manifest(module)
           ^^^^^^^^^^^^^^^^^^^^^^^^^^^^^^^^^^^^^^^^
  File "D:\Study\learning_odoo\odoo\modules\module.py", line 369, in get_manifest
    return copy.deepcopy(_get_manifest_cached(module, mod_path))
                         ^^^^^^^^^^^^^^^^^^^^^^^^^^^^^^^^^^^^^^
  File "D:\Study\learning_odoo\odoo\modules\module.py", line 373, in _get_manifest_cached
    return load_manifest(module, mod_path)
           ^^^^^^^^^^^^^^^^^^^^^^^^^^^^^^^
  File "D:\Study\learning_odoo\odoo\modules\module.py", line 319, in load_manifest
    manifest.update(ast.literal_eval(f.read()))
                    ^^^^^^^^^^^^^^^^^^^^^^^^^^
  File "D:\Study\learning_odoo\odoo\tools\_monkeypatches.py", line 73, in literal_eval
    return orig_literal_eval(expr)
           ^^^^^^^^^^^^^^^^^^^^^^^
  File "C:\Python312\Lib\ast.py", line 66, in literal_eval
    node_or_string = parse(node_or_string.lstrip(" \t"), mode='eval')
                     ^^^^^^^^^^^^^^^^^^^^^^^^^^^^^^^^^^^^^^^^^^^^^^^^
  File "C:\Python312\Lib\ast.py", line 52, in parse
    return compile(source, filename, mode, flags,
           ^^^^^^^^^^^^^^^^^^^^^^^^^^^^^^^^^^^^^^
  File "<unknown>", line 5
    {
    ^
SyntaxError: invalid syntax
2024-06-22 15:31:24,236 32252 INFO odoo_test werkzeug: 127.0.0.1 - - [22/Jun/2024 15:31:24] "GET /favicon.ico HTTP/1.1" 500 - 11 0.005 0.018
2024-06-22 15:31:25,783 32252 INFO odoo_test odoo.modules.loading: loading 1 modules... 
2024-06-22 15:31:25,789 32252 INFO odoo_test odoo.modules.loading: 1 modules loaded in 0.01s, 0 queries (+0 extra) 
2024-06-22 15:31:25,795 32252 WARNING odoo_test odoo.modules.loading: Transient module states were reset 
2024-06-22 15:31:25,795 32252 ERROR odoo_test odoo.modules.registry: Failed to load registry 
Traceback (most recent call last):
  File "D:\Study\learning_odoo\odoo\modules\registry.py", line 87, in __new__
    return cls.registries[db_name]
           ~~~~~~~~~~~~~~^^^^^^^^^
  File "<decorator-gen-5>", line 2, in __getitem__
  File "D:\Study\learning_odoo\odoo\tools\func.py", line 87, in locked
    return func(inst, *args, **kwargs)
           ^^^^^^^^^^^^^^^^^^^^^^^^^^^
  File "D:\Study\learning_odoo\odoo\tools\lru.py", line 34, in __getitem__
    a = self.d[obj]
        ~~~~~~^^^^^
KeyError: 'odoo_test'

During handling of the above exception, another exception occurred:

Traceback (most recent call last):
  File "D:\Study\learning_odoo\odoo\modules\registry.py", line 113, in new
    odoo.modules.load_modules(registry, force_demo, status, update_module)
  File "D:\Study\learning_odoo\odoo\modules\loading.py", line 476, in load_modules
    processed_modules += load_marked_modules(env, graph,
                         ^^^^^^^^^^^^^^^^^^^^^^^^^^^^^^^
  File "D:\Study\learning_odoo\odoo\modules\loading.py", line 362, in load_marked_modules
    graph.add_modules(env.cr, module_list, force)
  File "D:\Study\learning_odoo\odoo\modules\graph.py", line 71, in add_modules
    info = odoo.modules.module.get_manifest(module)
           ^^^^^^^^^^^^^^^^^^^^^^^^^^^^^^^^^^^^^^^^
  File "D:\Study\learning_odoo\odoo\modules\module.py", line 369, in get_manifest
    return copy.deepcopy(_get_manifest_cached(module, mod_path))
                         ^^^^^^^^^^^^^^^^^^^^^^^^^^^^^^^^^^^^^^
  File "D:\Study\learning_odoo\odoo\modules\module.py", line 373, in _get_manifest_cached
    return load_manifest(module, mod_path)
           ^^^^^^^^^^^^^^^^^^^^^^^^^^^^^^^
  File "D:\Study\learning_odoo\odoo\modules\module.py", line 319, in load_manifest
    manifest.update(ast.literal_eval(f.read()))
                    ^^^^^^^^^^^^^^^^^^^^^^^^^^
  File "D:\Study\learning_odoo\odoo\tools\_monkeypatches.py", line 73, in literal_eval
    return orig_literal_eval(expr)
           ^^^^^^^^^^^^^^^^^^^^^^^
  File "C:\Python312\Lib\ast.py", line 66, in literal_eval
    node_or_string = parse(node_or_string.lstrip(" \t"), mode='eval')
                     ^^^^^^^^^^^^^^^^^^^^^^^^^^^^^^^^^^^^^^^^^^^^^^^^
  File "C:\Python312\Lib\ast.py", line 52, in parse
    return compile(source, filename, mode, flags,
           ^^^^^^^^^^^^^^^^^^^^^^^^^^^^^^^^^^^^^^
  File "<unknown>", line 5
    {
    ^
SyntaxError: invalid syntax
2024-06-22 15:31:25,799 32252 ERROR odoo_test odoo.http: Exception during request handling. 
Traceback (most recent call last):
  File "D:\Study\learning_odoo\odoo\modules\registry.py", line 87, in __new__
    return cls.registries[db_name]
           ~~~~~~~~~~~~~~^^^^^^^^^
  File "<decorator-gen-5>", line 2, in __getitem__
  File "D:\Study\learning_odoo\odoo\tools\func.py", line 87, in locked
    return func(inst, *args, **kwargs)
           ^^^^^^^^^^^^^^^^^^^^^^^^^^^
  File "D:\Study\learning_odoo\odoo\tools\lru.py", line 34, in __getitem__
    a = self.d[obj]
        ~~~~~~^^^^^
KeyError: 'odoo_test'

During handling of the above exception, another exception occurred:

Traceback (most recent call last):
  File "D:\Study\learning_odoo\odoo\http.py", line 2173, in __call__
    response = request._serve_db()
               ^^^^^^^^^^^^^^^^^^^
  File "D:\Study\learning_odoo\odoo\http.py", line 1727, in _serve_db
    self.registry = Registry(self.db).check_signaling()
                    ^^^^^^^^^^^^^^^^^
  File "D:\Study\learning_odoo\odoo\modules\registry.py", line 89, in __new__
    return cls.new(db_name)
           ^^^^^^^^^^^^^^^^
  File "<decorator-gen-16>", line 2, in new
  File "D:\Study\learning_odoo\odoo\tools\func.py", line 87, in locked
    return func(inst, *args, **kwargs)
           ^^^^^^^^^^^^^^^^^^^^^^^^^^^
  File "D:\Study\learning_odoo\odoo\modules\registry.py", line 113, in new
    odoo.modules.load_modules(registry, force_demo, status, update_module)
  File "D:\Study\learning_odoo\odoo\modules\loading.py", line 476, in load_modules
    processed_modules += load_marked_modules(env, graph,
                         ^^^^^^^^^^^^^^^^^^^^^^^^^^^^^^^
  File "D:\Study\learning_odoo\odoo\modules\loading.py", line 362, in load_marked_modules
    graph.add_modules(env.cr, module_list, force)
  File "D:\Study\learning_odoo\odoo\modules\graph.py", line 71, in add_modules
    info = odoo.modules.module.get_manifest(module)
           ^^^^^^^^^^^^^^^^^^^^^^^^^^^^^^^^^^^^^^^^
  File "D:\Study\learning_odoo\odoo\modules\module.py", line 369, in get_manifest
    return copy.deepcopy(_get_manifest_cached(module, mod_path))
                         ^^^^^^^^^^^^^^^^^^^^^^^^^^^^^^^^^^^^^^
  File "D:\Study\learning_odoo\odoo\modules\module.py", line 373, in _get_manifest_cached
    return load_manifest(module, mod_path)
           ^^^^^^^^^^^^^^^^^^^^^^^^^^^^^^^
  File "D:\Study\learning_odoo\odoo\modules\module.py", line 319, in load_manifest
    manifest.update(ast.literal_eval(f.read()))
                    ^^^^^^^^^^^^^^^^^^^^^^^^^^
  File "D:\Study\learning_odoo\odoo\tools\_monkeypatches.py", line 73, in literal_eval
    return orig_literal_eval(expr)
           ^^^^^^^^^^^^^^^^^^^^^^^
  File "C:\Python312\Lib\ast.py", line 66, in literal_eval
    node_or_string = parse(node_or_string.lstrip(" \t"), mode='eval')
                     ^^^^^^^^^^^^^^^^^^^^^^^^^^^^^^^^^^^^^^^^^^^^^^^^
  File "C:\Python312\Lib\ast.py", line 52, in parse
    return compile(source, filename, mode, flags,
           ^^^^^^^^^^^^^^^^^^^^^^^^^^^^^^^^^^^^^^
  File "<unknown>", line 5
    {
    ^
SyntaxError: invalid syntax
2024-06-22 15:31:25,801 32252 INFO odoo_test werkzeug: 127.0.0.1 - - [22/Jun/2024 15:31:25] "GET /web/service-worker.js HTTP/1.1" 500 - 11 0.007 0.018
2024-06-22 15:31:32,808 32252 INFO odoo_test odoo.service.server: Initiating shutdown 
2024-06-22 15:31:32,808 32252 INFO odoo_test odoo.service.server: Hit CTRL-C again or send a second signal to force the shutdown. 
2024-06-22 15:31:33,809 32252 INFO odoo_test odoo.sql_db: ConnectionPool(used=0/count=0/max=64): Closed 3 connections  
2024-06-22 15:32:21,943 10952 INFO ? odoo: Odoo version 17.0 
2024-06-22 15:32:21,944 10952 INFO ? odoo: Using configuration file at D:\Study\learning_odoo\conf\odoo.conf 
2024-06-22 15:32:21,944 10952 INFO ? odoo: addons paths: ['D:\\Study\\learning_odoo\\odoo\\addons', 'd:\\study\\learning_odoo\\data\\addons\\17.0', 'd:\\study\\learning_odoo\\addons', 'd:\\study\\learning_odoo\\custom_addons', 'd:\\study\\learning_odoo\\odoo\\addons', 'd:\\study\\learning_odoo\\my_addons'] 
2024-06-22 15:32:21,944 10952 INFO ? odoo: database: odoo_admin@localhost:5432 
2024-06-22 15:32:22,337 10952 INFO ? odoo.addons.base.models.ir_actions_report: You need Wkhtmltopdf to print a pdf version of the reports. 
2024-06-22 15:32:22,680 10952 INFO odoo_test odoo.modules.loading: loading 1 modules... 
2024-06-22 15:32:22,712 10952 INFO odoo_test odoo.modules.loading: 1 modules loaded in 0.03s, 0 queries (+0 extra) 
2024-06-22 15:32:22,730 10952 INFO odoo_test odoo.modules.loading: updating modules list 
2024-06-22 15:32:22,732 10952 INFO odoo_test odoo.addons.base.models.ir_module: ALLOW access to module.update_list on [] to user __system__ #1 via n/a 
2024-06-22 15:32:23,461 10952 INFO ? odoo.service.server: HTTP service (werkzeug) running on Dmitriy-PC:8069 
2024-06-22 15:32:24,219 10952 INFO odoo_test odoo.addons.base.models.ir_module: ALLOW access to module.button_upgrade on ['My super demo module'] to user __system__ #1 via n/a 
2024-06-22 15:32:24,219 10952 INFO odoo_test odoo.addons.base.models.ir_module: ALLOW access to module.update_list on ['My super demo module'] to user __system__ #1 via n/a 
2024-06-22 15:32:24,799 10952 INFO odoo_test odoo.addons.base.models.ir_module: ALLOW access to module.button_install on [] to user __system__ #1 via n/a 
2024-06-22 15:32:24,817 10952 INFO odoo_test odoo.modules.loading: loading 13 modules... 
2024-06-22 15:32:24,817 10952 INFO odoo_test odoo.modules.loading: Loading module mydemo (2/13) 
2024-06-22 15:32:24,851 10952 INFO odoo_test odoo.modules.registry: module mydemo: creating or updating database tables 
2024-06-22 15:32:24,914 10952 INFO odoo_test odoo.modules.loading: loading mydemo/security/ir.model.access.csv 
2024-06-22 15:32:24,926 10952 INFO odoo_test odoo.modules.loading: loading mydemo/views/my_demo_views.xml 
2024-06-22 15:32:24,985 10952 INFO odoo_test odoo.modules.loading: Module mydemo loaded in 0.17s, 87 queries (+87 other) 
2024-06-22 15:32:25,152 10952 INFO odoo_test odoo.modules.loading: 13 modules loaded in 0.33s, 87 queries (+87 extra) 
2024-06-22 15:32:25,238 10952 INFO odoo_test odoo.modules.registry: verifying fields for every extended model 
2024-06-22 15:32:25,436 10952 INFO odoo_test odoo.modules.loading: Modules loaded. 
2024-06-22 15:32:25,438 10952 INFO odoo_test odoo.modules.registry: Registry loaded in 2.842s 
2024-06-22 15:32:25,541 10952 INFO odoo_test odoo.addons.base.models.ir_http: Generating routing map for key None 
2024-06-22 15:32:25,994 10952 INFO odoo_test werkzeug: 127.0.0.1 - - [22/Jun/2024 15:32:25] "GET /web?debug=1 HTTP/1.1" 200 - 62 0.027 2.317
2024-06-22 15:32:26,171 10952 INFO odoo_test werkzeug: 127.0.0.1 - - [22/Jun/2024 15:32:26] "GET /bus/websocket_worker_bundle?v=1.0.7 HTTP/1.1" 304 - 4 0.003 0.007
2024-06-22 15:32:26,283 10952 INFO odoo_test werkzeug: 127.0.0.1 - - [22/Jun/2024 15:32:26] "POST /web/action/load HTTP/1.1" 200 - 9 0.006 0.119
2024-06-22 15:32:26,503 10952 INFO odoo_test werkzeug: 127.0.0.1 - - [22/Jun/2024 15:32:26] "GET /web/image?model=res.users&field=avatar_128&id=1 HTTP/1.1" 304 - 6 0.002 0.006
2024-06-22 15:32:26,532 10952 INFO odoo_test werkzeug: 127.0.0.1 - - [22/Jun/2024 15:32:26] "GET /websocket HTTP/1.1" 101 - 1 0.001 0.004
2024-06-22 15:32:26,538 10952 INFO ? odoo.addons.bus.models.bus: Bus.loop listen imbus on db postgres 
2024-06-22 15:32:26,760 10952 INFO odoo_test werkzeug: 127.0.0.1 - - [22/Jun/2024 15:32:26] "POST /web/dataset/call_kw/my.demo/get_views HTTP/1.1" 200 - 12 0.008 0.146
2024-06-22 15:32:26,829 10952 INFO odoo_test werkzeug: 127.0.0.1 - - [22/Jun/2024 15:32:26] "POST /web/dataset/call_kw/my.demo/web_search_read HTTP/1.1" 200 - 2 0.001 0.003
2024-06-22 15:32:27,080 10952 INFO odoo_test werkzeug: 127.0.0.1 - - [22/Jun/2024 15:32:27] "POST /web/dataset/call_kw/res.users/has_group HTTP/1.1" 200 - 2 0.002 0.002
2024-06-22 15:32:27,088 10952 INFO odoo_test werkzeug: 127.0.0.1 - - [22/Jun/2024 15:32:27] "GET /web/manifest.webmanifest HTTP/1.1" 200 - 6 0.007 0.006
2024-06-22 15:32:28,771 10952 INFO odoo_test werkzeug: 127.0.0.1 - - [22/Jun/2024 15:32:28] "GET /web/service-worker.js HTTP/1.1" 200 - 1 0.000 0.004
2024-06-22 15:32:32,589 10952 INFO odoo_test odoo.service.server: Initiating shutdown 
2024-06-22 15:32:32,589 10952 INFO odoo_test odoo.service.server: Hit CTRL-C again or send a second signal to force the shutdown. 
2024-06-22 15:32:33,675 10952 INFO odoo_test odoo.sql_db: ConnectionPool(used=0/count=0/max=64): Closed 5 connections  
2024-06-22 15:32:45,021 15836 INFO ? odoo: Odoo version 17.0 
2024-06-22 15:32:45,021 15836 INFO ? odoo: Using configuration file at D:\Study\learning_odoo\conf\odoo.conf 
2024-06-22 15:32:45,021 15836 INFO ? odoo: addons paths: ['D:\\Study\\learning_odoo\\odoo\\addons', 'd:\\study\\learning_odoo\\data\\addons\\17.0', 'd:\\study\\learning_odoo\\addons', 'd:\\study\\learning_odoo\\custom_addons', 'd:\\study\\learning_odoo\\odoo\\addons', 'd:\\study\\learning_odoo\\my_addons'] 
2024-06-22 15:32:45,021 15836 INFO ? odoo: database: odoo_admin@localhost:5432 
2024-06-22 15:32:45,249 15836 INFO ? odoo.addons.base.models.ir_actions_report: You need Wkhtmltopdf to print a pdf version of the reports. 
2024-06-22 15:32:45,561 15836 INFO odoo_test odoo.modules.loading: loading 1 modules... 
2024-06-22 15:32:45,593 15836 INFO odoo_test odoo.modules.loading: 1 modules loaded in 0.03s, 0 queries (+0 extra) 
2024-06-22 15:32:45,610 15836 INFO odoo_test odoo.modules.loading: updating modules list 
2024-06-22 15:32:45,612 15836 INFO odoo_test odoo.addons.base.models.ir_module: ALLOW access to module.update_list on [] to user __system__ #1 via n/a 
2024-06-22 15:32:46,341 15836 INFO ? odoo.service.server: HTTP service (werkzeug) running on Dmitriy-PC:8069 
2024-06-22 15:32:47,128 15836 INFO odoo_test odoo.addons.base.models.ir_module: ALLOW access to module.button_upgrade on ['My super demo module'] to user __system__ #1 via n/a 
2024-06-22 15:32:47,128 15836 INFO odoo_test odoo.addons.base.models.ir_module: ALLOW access to module.update_list on ['My super demo module'] to user __system__ #1 via n/a 
2024-06-22 15:32:47,746 15836 INFO odoo_test odoo.addons.base.models.ir_module: ALLOW access to module.button_install on [] to user __system__ #1 via n/a 
2024-06-22 15:32:47,764 15836 INFO odoo_test odoo.modules.loading: loading 13 modules... 
2024-06-22 15:32:47,764 15836 INFO odoo_test odoo.modules.loading: Loading module mydemo (2/13) 
2024-06-22 15:32:47,794 15836 INFO odoo_test odoo.modules.registry: module mydemo: creating or updating database tables 
2024-06-22 15:32:47,816 15836 INFO odoo_test odoo.modules.loading: loading mydemo/security/ir.model.access.csv 
2024-06-22 15:32:47,826 15836 INFO odoo_test odoo.modules.loading: loading mydemo/views/my_demo_views.xml 
2024-06-22 15:32:47,866 15836 INFO odoo_test odoo.modules.loading: Module mydemo loaded in 0.10s, 86 queries (+86 other) 
2024-06-22 15:32:47,986 15836 INFO odoo_test odoo.modules.loading: 13 modules loaded in 0.22s, 86 queries (+86 extra) 
2024-06-22 15:32:48,066 15836 INFO odoo_test odoo.modules.registry: verifying fields for every extended model 
2024-06-22 15:32:48,271 15836 INFO odoo_test odoo.modules.loading: Modules loaded. 
2024-06-22 15:32:48,273 15836 INFO odoo_test odoo.modules.registry: Registry loaded in 2.783s 
2024-06-22 15:32:48,389 15836 INFO odoo_test odoo.addons.base.models.ir_http: Generating routing map for key None 
2024-06-22 15:32:48,411 15836 INFO odoo_test werkzeug: 127.0.0.1 - - [22/Jun/2024 15:32:48] "POST /web/webclient/version_info HTTP/1.1" 200 - 5 0.002 0.768
2024-06-22 15:32:48,770 15836 INFO odoo_test werkzeug: 127.0.0.1 - - [22/Jun/2024 15:32:48] "GET /websocket HTTP/1.1" 101 - 1 0.000 0.004
2024-06-22 15:32:48,777 15836 INFO ? odoo.addons.bus.models.bus: Bus.loop listen imbus on db postgres 
2024-06-22 15:32:52,352 15836 INFO odoo_test werkzeug: 127.0.0.1 - - [22/Jun/2024 15:32:52] "POST /web/webclient/version_info HTTP/1.1" 200 - 1 0.000 0.003
2024-06-22 15:32:52,627 15836 INFO odoo_test werkzeug: 127.0.0.1 - - [22/Jun/2024 15:32:52] "POST /web/action/load HTTP/1.1" 200 - 10 0.005 0.006
2024-06-22 15:32:52,924 15836 INFO odoo_test werkzeug: 127.0.0.1 - - [22/Jun/2024 15:32:52] "POST /web/dataset/call_kw/ir.module.module/get_views HTTP/1.1" 200 - 44 0.022 0.019
2024-06-22 15:32:52,958 15836 INFO odoo_test werkzeug: 127.0.0.1 - - [22/Jun/2024 15:32:52] "POST /web/dataset/call_kw/ir.module.module/search_panel_select_range HTTP/1.1" 200 - 1 0.001 0.002
2024-06-22 15:32:53,335 15836 INFO odoo_test werkzeug: 127.0.0.1 - - [22/Jun/2024 15:32:53] "POST /web/dataset/call_kw/ir.module.module/search_panel_select_range HTTP/1.1" 200 - 39 0.010 0.066
2024-06-22 15:32:53,414 15836 INFO odoo_test werkzeug: 127.0.0.1 - - [22/Jun/2024 15:32:53] "POST /web/dataset/call_kw/ir.module.module/web_search_read HTTP/1.1" 200 - 3 0.010 0.145
2024-06-22 15:32:54,003 15836 INFO odoo_test werkzeug: 127.0.0.1 - - [22/Jun/2024 15:32:54] "GET /web_theme_classic/static/description/icon.png HTTP/1.1" 404 - 2 0.002 0.002
2024-06-22 15:32:54,439 15836 INFO odoo_test werkzeug: 127.0.0.1 - - [22/Jun/2024 15:32:54] "POST /web/action/load HTTP/1.1" 200 - 8 0.002 0.005
2024-06-22 15:32:54,835 15836 INFO odoo_test werkzeug: 127.0.0.1 - - [22/Jun/2024 15:32:54] "POST /web/dataset/call_kw/base.import.module/get_views HTTP/1.1" 200 - 10 0.032 0.010
2024-06-22 15:32:55,059 15836 INFO odoo_test werkzeug: 127.0.0.1 - - [22/Jun/2024 15:32:55] "POST /web/dataset/call_kw/base.import.module/onchange HTTP/1.1" 200 - 2 0.005 0.009
2024-06-22 15:32:58,703 15836 INFO odoo_test werkzeug: 127.0.0.1 - - [22/Jun/2024 15:32:58] "POST /web/dataset/call_kw/ir.module.module/search_panel_select_range HTTP/1.1" 200 - 38 0.011 0.012
2024-06-22 15:32:59,004 15836 INFO odoo_test werkzeug: 127.0.0.1 - - [22/Jun/2024 15:32:59] "POST /web/dataset/call_kw/ir.module.module/web_search_read HTTP/1.1" 200 - 5 0.003 0.005
2024-06-22 15:32:59,539 15836 INFO odoo_test werkzeug: 127.0.0.1 - - [22/Jun/2024 15:32:59] "POST /web/dataset/call_kw/ir.module.module/web_search_read HTTP/1.1" 200 - 6 0.003 0.009
2024-06-22 15:32:59,559 15836 INFO odoo_test werkzeug: 127.0.0.1 - - [22/Jun/2024 15:32:59] "POST /web/dataset/call_kw/ir.module.module/search_panel_select_range HTTP/1.1" 200 - 38 0.021 0.012
2024-06-22 15:33:00,250 15836 INFO odoo_test werkzeug: 127.0.0.1 - - [22/Jun/2024 15:33:00] "POST /web/dataset/call_kw/ir.module.module/search_panel_select_range HTTP/1.1" 200 - 38 0.013 0.013
2024-06-22 15:33:00,549 15836 INFO odoo_test werkzeug: 127.0.0.1 - - [22/Jun/2024 15:33:00] "POST /web/dataset/call_kw/ir.module.module/web_search_read HTTP/1.1" 200 - 5 0.003 0.006
2024-06-22 15:33:02,010 15836 INFO odoo_test werkzeug: 127.0.0.1 - - [22/Jun/2024 15:33:02] "POST /web/dataset/call_kw/ir.module.module/web_search_read HTTP/1.1" 200 - 5 0.002 0.014
2024-06-22 15:33:02,022 15836 INFO odoo_test werkzeug: 127.0.0.1 - - [22/Jun/2024 15:33:02] "POST /web/dataset/call_kw/ir.module.module/search_panel_select_range HTTP/1.1" 200 - 38 0.016 0.012
2024-06-22 15:33:02,558 15836 INFO odoo_test werkzeug: 127.0.0.1 - - [22/Jun/2024 15:33:02] "POST /web/dataset/call_kw/ir.module.module/search_panel_select_range HTTP/1.1" 200 - 38 0.014 0.011
2024-06-22 15:33:02,880 15836 INFO odoo_test werkzeug: 127.0.0.1 - - [22/Jun/2024 15:33:02] "POST /web/dataset/call_kw/ir.module.module/web_search_read HTTP/1.1" 200 - 5 0.007 0.023
2024-06-22 15:33:08,804 15836 INFO odoo_test werkzeug: 127.0.0.1 - - [22/Jun/2024 15:33:08] "POST /web/dataset/call_kw/ir.module.module/web_search_read HTTP/1.1" 200 - 5 0.006 0.023
2024-06-22 15:33:08,815 15836 INFO odoo_test werkzeug: 127.0.0.1 - - [22/Jun/2024 15:33:08] "POST /web/dataset/call_kw/ir.module.module/search_panel_select_range HTTP/1.1" 200 - 38 0.023 0.018
2024-06-22 15:33:13,624 15836 INFO odoo_test werkzeug: 127.0.0.1 - - [22/Jun/2024 15:33:13] "POST /web/dataset/call_kw/ir.module.module/web_search_read HTTP/1.1" 200 - 5 0.003 0.015
2024-06-22 15:33:13,635 15836 INFO odoo_test werkzeug: 127.0.0.1 - - [22/Jun/2024 15:33:13] "POST /web/dataset/call_kw/ir.module.module/search_panel_select_range HTTP/1.1" 200 - 38 0.016 0.013
2024-06-22 15:33:16,995 15836 INFO odoo_test werkzeug: 127.0.0.1 - - [22/Jun/2024 15:33:16] "POST /web/dataset/call_button HTTP/1.1" 200 - 1 0.001 0.002
2024-06-22 15:33:17,328 15836 INFO odoo_test werkzeug: 127.0.0.1 - - [22/Jun/2024 15:33:17] "POST /web/dataset/call_kw/ir.module.module/get_views HTTP/1.1" 200 - 6 0.004 0.007
2024-06-22 15:33:17,683 15836 INFO odoo_test werkzeug: 127.0.0.1 - - [22/Jun/2024 15:33:17] "POST /web/dataset/call_kw/ir.module.module/web_read HTTP/1.1" 200 - 13 0.006 0.094
2024-06-22 15:33:17,820 15836 INFO odoo_test werkzeug: 127.0.0.1 - - [22/Jun/2024 15:33:17] "GET /web/bundle/web_editor.backend_assets_wysiwyg?lang=en_US&debug=1 HTTP/1.1" 200 - 9 0.005 0.102
2024-06-22 15:33:18,216 15836 INFO odoo_test werkzeug: 127.0.0.1 - - [22/Jun/2024 15:33:18] "GET /web/image?model=ir.module.module&id=282&field=icon_image&unique=1718646162000 HTTP/1.1" 200 - 3 0.002 0.003
2024-06-22 15:34:30,480 15836 INFO odoo_test odoo.service.server: Initiating shutdown 
2024-06-22 15:34:30,480 15836 INFO odoo_test odoo.service.server: Hit CTRL-C again or send a second signal to force the shutdown. 
2024-06-22 15:34:30,857 15836 INFO odoo_test odoo.sql_db: ConnectionPool(used=0/count=0/max=64): Closed 5 connections  
2024-06-22 15:54:06,686 35360 INFO ? odoo: Odoo version 17.0 
2024-06-22 15:54:06,687 35360 INFO ? odoo: Using configuration file at D:\Study\learning_odoo\conf\odoo.conf 
2024-06-22 15:54:06,687 35360 INFO ? odoo: addons paths: ['D:\\Study\\learning_odoo\\odoo\\addons', 'd:\\study\\learning_odoo\\data\\addons\\17.0', 'd:\\study\\learning_odoo\\addons', 'd:\\study\\learning_odoo\\custom_addons', 'd:\\study\\learning_odoo\\odoo\\addons', 'd:\\study\\learning_odoo\\my_addons'] 
2024-06-22 15:54:06,687 35360 INFO ? odoo: database: odoo_admin@localhost:5432 
2024-06-22 15:54:07,025 35360 INFO ? odoo.addons.base.models.ir_actions_report: You need Wkhtmltopdf to print a pdf version of the reports. 
2024-06-22 15:54:07,482 35360 INFO odoo_test odoo.modules.loading: loading 1 modules... 
2024-06-22 15:54:07,513 35360 INFO odoo_test odoo.modules.loading: 1 modules loaded in 0.03s, 0 queries (+0 extra) 
2024-06-22 15:54:07,529 35360 INFO odoo_test odoo.modules.loading: updating modules list 
2024-06-22 15:54:07,533 35360 INFO odoo_test odoo.addons.base.models.ir_module: ALLOW access to module.update_list on [] to user __system__ #1 via n/a 
2024-06-22 15:54:08,244 35360 INFO ? odoo.service.server: HTTP service (werkzeug) running on Dmitriy-PC:8069 
2024-06-22 15:54:09,114 35360 INFO odoo_test odoo.addons.base.models.ir_module: ALLOW access to module.button_upgrade on ['My super demo module'] to user __system__ #1 via n/a 
2024-06-22 15:54:09,114 35360 INFO odoo_test odoo.addons.base.models.ir_module: ALLOW access to module.update_list on ['My super demo module'] to user __system__ #1 via n/a 
2024-06-22 15:54:09,685 35360 INFO odoo_test odoo.addons.base.models.ir_module: ALLOW access to module.button_install on [] to user __system__ #1 via n/a 
2024-06-22 15:54:09,704 35360 INFO odoo_test odoo.modules.loading: loading 13 modules... 
2024-06-22 15:54:09,704 35360 INFO odoo_test odoo.modules.loading: Loading module mydemo (2/13) 
2024-06-22 15:54:09,733 35360 INFO odoo_test odoo.modules.registry: module mydemo: creating or updating database tables 
2024-06-22 15:54:09,760 35360 INFO odoo_test odoo.modules.loading: loading mydemo/security/ir.model.access.csv 
2024-06-22 15:54:09,771 35360 INFO odoo_test odoo.modules.loading: loading mydemo/views/my_demo_views.xml 
2024-06-22 15:54:09,818 35360 INFO odoo_test odoo.modules.loading: Module mydemo loaded in 0.11s, 86 queries (+86 other) 
2024-06-22 15:54:09,966 35360 INFO odoo_test odoo.modules.loading: 13 modules loaded in 0.26s, 86 queries (+86 extra) 
2024-06-22 15:54:10,050 35360 INFO odoo_test odoo.modules.registry: verifying fields for every extended model 
2024-06-22 15:54:10,255 35360 INFO odoo_test odoo.modules.loading: Modules loaded. 
2024-06-22 15:54:10,258 35360 INFO odoo_test odoo.modules.registry: Registry loaded in 2.879s 
2024-06-22 15:54:10,469 35360 INFO odoo_test odoo.addons.base.models.ir_http: Generating routing map for key None 
2024-06-22 15:54:10,879 35360 INFO odoo_test werkzeug: 127.0.0.1 - - [22/Jun/2024 15:54:10] "GET /web?debug=1 HTTP/1.1" 200 - 62 0.032 2.446
2024-06-22 15:54:11,465 35360 INFO odoo_test werkzeug: 127.0.0.1 - - [22/Jun/2024 15:54:11] "GET /web/manifest.webmanifest HTTP/1.1" 200 - 6 0.003 0.004
2024-06-22 15:54:11,641 35360 INFO odoo_test werkzeug: 127.0.0.1 - - [22/Jun/2024 15:54:11] "GET /web/image?model=res.users&field=avatar_128&id=1 HTTP/1.1" 304 - 6 0.004 0.168
2024-06-22 15:54:11,660 35360 INFO odoo_test werkzeug: 127.0.0.1 - - [22/Jun/2024 15:54:11] "GET /bus/websocket_worker_bundle?v=1.0.7 HTTP/1.1" 304 - 4 0.012 0.175
2024-06-22 15:54:11,676 35360 INFO odoo_test werkzeug: 127.0.0.1 - - [22/Jun/2024 15:54:11] "POST /web/dataset/call_kw/ir.module.module/get_views HTTP/1.1" 200 - 35 0.013 0.235
2024-06-22 15:54:11,747 35360 INFO odoo_test werkzeug: 127.0.0.1 - - [22/Jun/2024 15:54:11] "POST /web/dataset/call_kw/ir.module.module/web_read HTTP/1.1" 200 - 13 0.006 0.053
2024-06-22 15:54:11,978 35360 INFO odoo_test werkzeug: 127.0.0.1 - - [22/Jun/2024 15:54:11] "GET /websocket HTTP/1.1" 101 - 1 0.000 0.004
2024-06-22 15:54:11,985 35360 INFO ? odoo.addons.bus.models.bus: Bus.loop listen imbus on db postgres 
2024-06-22 15:54:12,175 35360 INFO odoo_test werkzeug: 127.0.0.1 - - [22/Jun/2024 15:54:12] "GET /web/bundle/web_editor.backend_assets_wysiwyg?lang=en_US&debug=1 HTTP/1.1" 200 - 7 0.001 0.076
2024-06-22 15:54:13,045 35360 INFO odoo_test werkzeug: 127.0.0.1 - - [22/Jun/2024 15:54:13] "GET /web/service-worker.js HTTP/1.1" 200 - 1 0.001 0.002
2024-06-22 15:54:15,584 35360 INFO odoo_test werkzeug: 127.0.0.1 - - [22/Jun/2024 15:54:15] "POST /web/action/load HTTP/1.1" 200 - 9 0.004 0.006
2024-06-22 15:54:15,835 35360 INFO odoo_test werkzeug: 127.0.0.1 - - [22/Jun/2024 15:54:15] "POST /web/dataset/call_kw/ir.module.module/get_views HTTP/1.1" 200 - 13 0.004 0.013
2024-06-22 15:54:15,905 35360 INFO odoo_test werkzeug: 127.0.0.1 - - [22/Jun/2024 15:54:15] "POST /web/dataset/call_kw/ir.module.module/search_panel_select_range HTTP/1.1" 200 - 1 0.001 0.002
2024-06-22 15:54:16,182 35360 INFO odoo_test werkzeug: 127.0.0.1 - - [22/Jun/2024 15:54:16] "POST /web/dataset/call_kw/ir.module.module/search_panel_select_range HTTP/1.1" 200 - 39 0.019 0.012
2024-06-22 15:54:16,284 35360 INFO odoo_test werkzeug: 127.0.0.1 - - [22/Jun/2024 15:54:16] "POST /web/dataset/call_kw/ir.module.module/web_search_read HTTP/1.1" 200 - 3 0.004 0.129
2024-06-22 15:54:16,568 35360 INFO odoo_test werkzeug: 127.0.0.1 - - [22/Jun/2024 15:54:16] "GET /web_theme_classic/static/description/icon.png HTTP/1.1" 404 - 2 0.002 0.002
2024-06-22 15:54:28,591 35360 INFO odoo_test odoo.service.server: Initiating shutdown 
2024-06-22 15:54:28,591 35360 INFO odoo_test odoo.service.server: Hit CTRL-C again or send a second signal to force the shutdown. 
2024-06-22 15:54:28,976 35360 INFO odoo_test odoo.sql_db: ConnectionPool(used=0/count=0/max=64): Closed 5 connections  
2024-06-22 15:54:32,334 24876 INFO ? odoo: Odoo version 17.0 
2024-06-22 15:54:32,335 24876 INFO ? odoo: Using configuration file at D:\Study\learning_odoo\conf\odoo.conf 
2024-06-22 15:54:32,335 24876 INFO ? odoo: addons paths: ['D:\\Study\\learning_odoo\\odoo\\addons', 'd:\\study\\learning_odoo\\data\\addons\\17.0', 'd:\\study\\learning_odoo\\addons', 'd:\\study\\learning_odoo\\custom_addons', 'd:\\study\\learning_odoo\\odoo\\addons', 'd:\\study\\learning_odoo\\my_addons'] 
2024-06-22 15:54:32,335 24876 INFO ? odoo: database: odoo_admin@localhost:5432 
2024-06-22 15:54:32,574 24876 INFO ? odoo.addons.base.models.ir_actions_report: You need Wkhtmltopdf to print a pdf version of the reports. 
2024-06-22 15:54:32,988 24876 INFO odoo_test odoo.modules.loading: loading 1 modules... 
2024-06-22 15:54:33,020 24876 INFO odoo_test odoo.modules.loading: 1 modules loaded in 0.03s, 0 queries (+0 extra) 
2024-06-22 15:54:33,037 24876 INFO odoo_test odoo.modules.loading: updating modules list 
2024-06-22 15:54:33,039 24876 INFO odoo_test odoo.addons.base.models.ir_module: ALLOW access to module.update_list on [] to user __system__ #1 via n/a 
2024-06-22 15:54:33,665 24876 INFO ? odoo.service.server: HTTP service (werkzeug) running on Dmitriy-PC:8069 
2024-06-22 15:54:34,654 24876 INFO odoo_test odoo.addons.base.models.ir_module: ALLOW access to module.button_upgrade on [False] to user __system__ #1 via n/a 
2024-06-22 15:54:34,655 24876 INFO odoo_test odoo.addons.base.models.ir_module: ALLOW access to module.update_list on [False] to user __system__ #1 via n/a 
2024-06-22 15:54:35,213 24876 INFO odoo_test odoo.addons.base.models.ir_module: ALLOW access to module.button_install on [] to user __system__ #1 via n/a 
2024-06-22 15:54:35,230 24876 WARNING odoo_test odoo.modules.loading: Transient module states were reset 
2024-06-22 15:54:35,230 24876 ERROR odoo_test odoo.modules.registry: Failed to load registry 
Traceback (most recent call last):
  File "D:\Study\learning_odoo\odoo\modules\registry.py", line 113, in new
    odoo.modules.load_modules(registry, force_demo, status, update_module)
  File "D:\Study\learning_odoo\odoo\modules\loading.py", line 476, in load_modules
    processed_modules += load_marked_modules(env, graph,
                         ^^^^^^^^^^^^^^^^^^^^^^^^^^^^^^^
  File "D:\Study\learning_odoo\odoo\modules\loading.py", line 362, in load_marked_modules
    graph.add_modules(env.cr, module_list, force)
  File "D:\Study\learning_odoo\odoo\modules\graph.py", line 71, in add_modules
    info = odoo.modules.module.get_manifest(module)
           ^^^^^^^^^^^^^^^^^^^^^^^^^^^^^^^^^^^^^^^^
  File "D:\Study\learning_odoo\odoo\modules\module.py", line 369, in get_manifest
    return copy.deepcopy(_get_manifest_cached(module, mod_path))
                         ^^^^^^^^^^^^^^^^^^^^^^^^^^^^^^^^^^^^^^
  File "D:\Study\learning_odoo\odoo\modules\module.py", line 373, in _get_manifest_cached
    return load_manifest(module, mod_path)
           ^^^^^^^^^^^^^^^^^^^^^^^^^^^^^^^
  File "D:\Study\learning_odoo\odoo\modules\module.py", line 319, in load_manifest
    manifest.update(ast.literal_eval(f.read()))
                    ^^^^^^^^^^^^^^^^^^^^^^^^^^
  File "D:\Study\learning_odoo\odoo\tools\_monkeypatches.py", line 73, in literal_eval
    return orig_literal_eval(expr)
           ^^^^^^^^^^^^^^^^^^^^^^^
  File "C:\Python312\Lib\ast.py", line 66, in literal_eval
    node_or_string = parse(node_or_string.lstrip(" \t"), mode='eval')
                     ^^^^^^^^^^^^^^^^^^^^^^^^^^^^^^^^^^^^^^^^^^^^^^^^
  File "C:\Python312\Lib\ast.py", line 52, in parse
    return compile(source, filename, mode, flags,
           ^^^^^^^^^^^^^^^^^^^^^^^^^^^^^^^^^^^^^^
  File "<unknown>", line 3
    {
    ^
SyntaxError: invalid syntax
2024-06-22 15:54:35,239 24876 CRITICAL odoo_test odoo.service.server: Failed to initialize database `odoo_test`. 
Traceback (most recent call last):
  File "D:\Study\learning_odoo\odoo\service\server.py", line 1313, in preload_registries
    registry = Registry.new(dbname, update_module=update_module)
               ^^^^^^^^^^^^^^^^^^^^^^^^^^^^^^^^^^^^^^^^^^^^^^^^^
  File "<decorator-gen-16>", line 2, in new
  File "D:\Study\learning_odoo\odoo\tools\func.py", line 87, in locked
    return func(inst, *args, **kwargs)
           ^^^^^^^^^^^^^^^^^^^^^^^^^^^
  File "D:\Study\learning_odoo\odoo\modules\registry.py", line 113, in new
    odoo.modules.load_modules(registry, force_demo, status, update_module)
  File "D:\Study\learning_odoo\odoo\modules\loading.py", line 476, in load_modules
    processed_modules += load_marked_modules(env, graph,
                         ^^^^^^^^^^^^^^^^^^^^^^^^^^^^^^^
  File "D:\Study\learning_odoo\odoo\modules\loading.py", line 362, in load_marked_modules
    graph.add_modules(env.cr, module_list, force)
  File "D:\Study\learning_odoo\odoo\modules\graph.py", line 71, in add_modules
    info = odoo.modules.module.get_manifest(module)
           ^^^^^^^^^^^^^^^^^^^^^^^^^^^^^^^^^^^^^^^^
  File "D:\Study\learning_odoo\odoo\modules\module.py", line 369, in get_manifest
    return copy.deepcopy(_get_manifest_cached(module, mod_path))
                         ^^^^^^^^^^^^^^^^^^^^^^^^^^^^^^^^^^^^^^
  File "D:\Study\learning_odoo\odoo\modules\module.py", line 373, in _get_manifest_cached
    return load_manifest(module, mod_path)
           ^^^^^^^^^^^^^^^^^^^^^^^^^^^^^^^
  File "D:\Study\learning_odoo\odoo\modules\module.py", line 319, in load_manifest
    manifest.update(ast.literal_eval(f.read()))
                    ^^^^^^^^^^^^^^^^^^^^^^^^^^
  File "D:\Study\learning_odoo\odoo\tools\_monkeypatches.py", line 73, in literal_eval
    return orig_literal_eval(expr)
           ^^^^^^^^^^^^^^^^^^^^^^^
  File "C:\Python312\Lib\ast.py", line 66, in literal_eval
    node_or_string = parse(node_or_string.lstrip(" \t"), mode='eval')
                     ^^^^^^^^^^^^^^^^^^^^^^^^^^^^^^^^^^^^^^^^^^^^^^^^
  File "C:\Python312\Lib\ast.py", line 52, in parse
    return compile(source, filename, mode, flags,
           ^^^^^^^^^^^^^^^^^^^^^^^^^^^^^^^^^^^^^^
  File "<unknown>", line 3
    {
    ^
SyntaxError: invalid syntax
2024-06-22 15:54:35,346 24876 INFO odoo_test odoo.modules.loading: loading 1 modules... 
2024-06-22 15:54:35,351 24876 INFO odoo_test odoo.modules.loading: 1 modules loaded in 0.01s, 0 queries (+0 extra) 
2024-06-22 15:54:35,355 24876 WARNING odoo_test odoo.modules.loading: Transient module states were reset 
2024-06-22 15:54:35,356 24876 ERROR odoo_test odoo.modules.registry: Failed to load registry 
Traceback (most recent call last):
  File "D:\Study\learning_odoo\odoo\modules\registry.py", line 87, in __new__
    return cls.registries[db_name]
           ~~~~~~~~~~~~~~^^^^^^^^^
  File "<decorator-gen-5>", line 2, in __getitem__
  File "D:\Study\learning_odoo\odoo\tools\func.py", line 87, in locked
    return func(inst, *args, **kwargs)
           ^^^^^^^^^^^^^^^^^^^^^^^^^^^
  File "D:\Study\learning_odoo\odoo\tools\lru.py", line 34, in __getitem__
    a = self.d[obj]
        ~~~~~~^^^^^
KeyError: 'odoo_test'

During handling of the above exception, another exception occurred:

Traceback (most recent call last):
  File "D:\Study\learning_odoo\odoo\modules\registry.py", line 113, in new
    odoo.modules.load_modules(registry, force_demo, status, update_module)
  File "D:\Study\learning_odoo\odoo\modules\loading.py", line 476, in load_modules
    processed_modules += load_marked_modules(env, graph,
                         ^^^^^^^^^^^^^^^^^^^^^^^^^^^^^^^
  File "D:\Study\learning_odoo\odoo\modules\loading.py", line 362, in load_marked_modules
    graph.add_modules(env.cr, module_list, force)
  File "D:\Study\learning_odoo\odoo\modules\graph.py", line 71, in add_modules
    info = odoo.modules.module.get_manifest(module)
           ^^^^^^^^^^^^^^^^^^^^^^^^^^^^^^^^^^^^^^^^
  File "D:\Study\learning_odoo\odoo\modules\module.py", line 369, in get_manifest
    return copy.deepcopy(_get_manifest_cached(module, mod_path))
                         ^^^^^^^^^^^^^^^^^^^^^^^^^^^^^^^^^^^^^^
  File "D:\Study\learning_odoo\odoo\modules\module.py", line 373, in _get_manifest_cached
    return load_manifest(module, mod_path)
           ^^^^^^^^^^^^^^^^^^^^^^^^^^^^^^^
  File "D:\Study\learning_odoo\odoo\modules\module.py", line 319, in load_manifest
    manifest.update(ast.literal_eval(f.read()))
                    ^^^^^^^^^^^^^^^^^^^^^^^^^^
  File "D:\Study\learning_odoo\odoo\tools\_monkeypatches.py", line 73, in literal_eval
    return orig_literal_eval(expr)
           ^^^^^^^^^^^^^^^^^^^^^^^
  File "C:\Python312\Lib\ast.py", line 66, in literal_eval
    node_or_string = parse(node_or_string.lstrip(" \t"), mode='eval')
                     ^^^^^^^^^^^^^^^^^^^^^^^^^^^^^^^^^^^^^^^^^^^^^^^^
  File "C:\Python312\Lib\ast.py", line 52, in parse
    return compile(source, filename, mode, flags,
           ^^^^^^^^^^^^^^^^^^^^^^^^^^^^^^^^^^^^^^
  File "<unknown>", line 3
    {
    ^
SyntaxError: invalid syntax
2024-06-22 15:54:35,358 24876 ERROR odoo_test odoo.http: Exception during request handling. 
Traceback (most recent call last):
  File "D:\Study\learning_odoo\odoo\modules\registry.py", line 87, in __new__
    return cls.registries[db_name]
           ~~~~~~~~~~~~~~^^^^^^^^^
  File "<decorator-gen-5>", line 2, in __getitem__
  File "D:\Study\learning_odoo\odoo\tools\func.py", line 87, in locked
    return func(inst, *args, **kwargs)
           ^^^^^^^^^^^^^^^^^^^^^^^^^^^
  File "D:\Study\learning_odoo\odoo\tools\lru.py", line 34, in __getitem__
    a = self.d[obj]
        ~~~~~~^^^^^
KeyError: 'odoo_test'

During handling of the above exception, another exception occurred:

Traceback (most recent call last):
  File "D:\Study\learning_odoo\odoo\http.py", line 2173, in __call__
    response = request._serve_db()
               ^^^^^^^^^^^^^^^^^^^
  File "D:\Study\learning_odoo\odoo\http.py", line 1727, in _serve_db
    self.registry = Registry(self.db).check_signaling()
                    ^^^^^^^^^^^^^^^^^
  File "D:\Study\learning_odoo\odoo\modules\registry.py", line 89, in __new__
    return cls.new(db_name)
           ^^^^^^^^^^^^^^^^
  File "<decorator-gen-16>", line 2, in new
  File "D:\Study\learning_odoo\odoo\tools\func.py", line 87, in locked
    return func(inst, *args, **kwargs)
           ^^^^^^^^^^^^^^^^^^^^^^^^^^^
  File "D:\Study\learning_odoo\odoo\modules\registry.py", line 113, in new
    odoo.modules.load_modules(registry, force_demo, status, update_module)
  File "D:\Study\learning_odoo\odoo\modules\loading.py", line 476, in load_modules
    processed_modules += load_marked_modules(env, graph,
                         ^^^^^^^^^^^^^^^^^^^^^^^^^^^^^^^
  File "D:\Study\learning_odoo\odoo\modules\loading.py", line 362, in load_marked_modules
    graph.add_modules(env.cr, module_list, force)
  File "D:\Study\learning_odoo\odoo\modules\graph.py", line 71, in add_modules
    info = odoo.modules.module.get_manifest(module)
           ^^^^^^^^^^^^^^^^^^^^^^^^^^^^^^^^^^^^^^^^
  File "D:\Study\learning_odoo\odoo\modules\module.py", line 369, in get_manifest
    return copy.deepcopy(_get_manifest_cached(module, mod_path))
                         ^^^^^^^^^^^^^^^^^^^^^^^^^^^^^^^^^^^^^^
  File "D:\Study\learning_odoo\odoo\modules\module.py", line 373, in _get_manifest_cached
    return load_manifest(module, mod_path)
           ^^^^^^^^^^^^^^^^^^^^^^^^^^^^^^^
  File "D:\Study\learning_odoo\odoo\modules\module.py", line 319, in load_manifest
    manifest.update(ast.literal_eval(f.read()))
                    ^^^^^^^^^^^^^^^^^^^^^^^^^^
  File "D:\Study\learning_odoo\odoo\tools\_monkeypatches.py", line 73, in literal_eval
    return orig_literal_eval(expr)
           ^^^^^^^^^^^^^^^^^^^^^^^
  File "C:\Python312\Lib\ast.py", line 66, in literal_eval
    node_or_string = parse(node_or_string.lstrip(" \t"), mode='eval')
                     ^^^^^^^^^^^^^^^^^^^^^^^^^^^^^^^^^^^^^^^^^^^^^^^^
  File "C:\Python312\Lib\ast.py", line 52, in parse
    return compile(source, filename, mode, flags,
           ^^^^^^^^^^^^^^^^^^^^^^^^^^^^^^^^^^^^^^
  File "<unknown>", line 3
    {
    ^
SyntaxError: invalid syntax
2024-06-22 15:54:35,363 24876 INFO odoo_test werkzeug: 127.0.0.1 - - [22/Jun/2024 15:54:35] "GET /web?debug=1 HTTP/1.1" 500 - 11 0.007 1.253
2024-06-22 15:54:35,457 24876 INFO odoo_test odoo.modules.loading: loading 1 modules... 
2024-06-22 15:54:35,465 24876 INFO odoo_test odoo.modules.loading: 1 modules loaded in 0.01s, 0 queries (+0 extra) 
2024-06-22 15:54:35,472 24876 WARNING odoo_test odoo.modules.loading: Transient module states were reset 
2024-06-22 15:54:35,473 24876 ERROR odoo_test odoo.modules.registry: Failed to load registry 
Traceback (most recent call last):
  File "D:\Study\learning_odoo\odoo\modules\registry.py", line 87, in __new__
    return cls.registries[db_name]
           ~~~~~~~~~~~~~~^^^^^^^^^
  File "<decorator-gen-5>", line 2, in __getitem__
  File "D:\Study\learning_odoo\odoo\tools\func.py", line 87, in locked
    return func(inst, *args, **kwargs)
           ^^^^^^^^^^^^^^^^^^^^^^^^^^^
  File "D:\Study\learning_odoo\odoo\tools\lru.py", line 34, in __getitem__
    a = self.d[obj]
        ~~~~~~^^^^^
KeyError: 'odoo_test'

During handling of the above exception, another exception occurred:

Traceback (most recent call last):
  File "D:\Study\learning_odoo\odoo\modules\registry.py", line 113, in new
    odoo.modules.load_modules(registry, force_demo, status, update_module)
  File "D:\Study\learning_odoo\odoo\modules\loading.py", line 476, in load_modules
    processed_modules += load_marked_modules(env, graph,
                         ^^^^^^^^^^^^^^^^^^^^^^^^^^^^^^^
  File "D:\Study\learning_odoo\odoo\modules\loading.py", line 362, in load_marked_modules
    graph.add_modules(env.cr, module_list, force)
  File "D:\Study\learning_odoo\odoo\modules\graph.py", line 71, in add_modules
    info = odoo.modules.module.get_manifest(module)
           ^^^^^^^^^^^^^^^^^^^^^^^^^^^^^^^^^^^^^^^^
  File "D:\Study\learning_odoo\odoo\modules\module.py", line 369, in get_manifest
    return copy.deepcopy(_get_manifest_cached(module, mod_path))
                         ^^^^^^^^^^^^^^^^^^^^^^^^^^^^^^^^^^^^^^
  File "D:\Study\learning_odoo\odoo\modules\module.py", line 373, in _get_manifest_cached
    return load_manifest(module, mod_path)
           ^^^^^^^^^^^^^^^^^^^^^^^^^^^^^^^
  File "D:\Study\learning_odoo\odoo\modules\module.py", line 319, in load_manifest
    manifest.update(ast.literal_eval(f.read()))
                    ^^^^^^^^^^^^^^^^^^^^^^^^^^
  File "D:\Study\learning_odoo\odoo\tools\_monkeypatches.py", line 73, in literal_eval
    return orig_literal_eval(expr)
           ^^^^^^^^^^^^^^^^^^^^^^^
  File "C:\Python312\Lib\ast.py", line 66, in literal_eval
    node_or_string = parse(node_or_string.lstrip(" \t"), mode='eval')
                     ^^^^^^^^^^^^^^^^^^^^^^^^^^^^^^^^^^^^^^^^^^^^^^^^
  File "C:\Python312\Lib\ast.py", line 52, in parse
    return compile(source, filename, mode, flags,
           ^^^^^^^^^^^^^^^^^^^^^^^^^^^^^^^^^^^^^^
  File "<unknown>", line 3
    {
    ^
SyntaxError: invalid syntax
2024-06-22 15:54:35,474 24876 ERROR odoo_test odoo.http: Exception during request handling. 
Traceback (most recent call last):
  File "D:\Study\learning_odoo\odoo\modules\registry.py", line 87, in __new__
    return cls.registries[db_name]
           ~~~~~~~~~~~~~~^^^^^^^^^
  File "<decorator-gen-5>", line 2, in __getitem__
  File "D:\Study\learning_odoo\odoo\tools\func.py", line 87, in locked
    return func(inst, *args, **kwargs)
           ^^^^^^^^^^^^^^^^^^^^^^^^^^^
  File "D:\Study\learning_odoo\odoo\tools\lru.py", line 34, in __getitem__
    a = self.d[obj]
        ~~~~~~^^^^^
KeyError: 'odoo_test'

During handling of the above exception, another exception occurred:

Traceback (most recent call last):
  File "D:\Study\learning_odoo\odoo\http.py", line 2173, in __call__
    response = request._serve_db()
               ^^^^^^^^^^^^^^^^^^^
  File "D:\Study\learning_odoo\odoo\http.py", line 1727, in _serve_db
    self.registry = Registry(self.db).check_signaling()
                    ^^^^^^^^^^^^^^^^^
  File "D:\Study\learning_odoo\odoo\modules\registry.py", line 89, in __new__
    return cls.new(db_name)
           ^^^^^^^^^^^^^^^^
  File "<decorator-gen-16>", line 2, in new
  File "D:\Study\learning_odoo\odoo\tools\func.py", line 87, in locked
    return func(inst, *args, **kwargs)
           ^^^^^^^^^^^^^^^^^^^^^^^^^^^
  File "D:\Study\learning_odoo\odoo\modules\registry.py", line 113, in new
    odoo.modules.load_modules(registry, force_demo, status, update_module)
  File "D:\Study\learning_odoo\odoo\modules\loading.py", line 476, in load_modules
    processed_modules += load_marked_modules(env, graph,
                         ^^^^^^^^^^^^^^^^^^^^^^^^^^^^^^^
  File "D:\Study\learning_odoo\odoo\modules\loading.py", line 362, in load_marked_modules
    graph.add_modules(env.cr, module_list, force)
  File "D:\Study\learning_odoo\odoo\modules\graph.py", line 71, in add_modules
    info = odoo.modules.module.get_manifest(module)
           ^^^^^^^^^^^^^^^^^^^^^^^^^^^^^^^^^^^^^^^^
  File "D:\Study\learning_odoo\odoo\modules\module.py", line 369, in get_manifest
    return copy.deepcopy(_get_manifest_cached(module, mod_path))
                         ^^^^^^^^^^^^^^^^^^^^^^^^^^^^^^^^^^^^^^
  File "D:\Study\learning_odoo\odoo\modules\module.py", line 373, in _get_manifest_cached
    return load_manifest(module, mod_path)
           ^^^^^^^^^^^^^^^^^^^^^^^^^^^^^^^
  File "D:\Study\learning_odoo\odoo\modules\module.py", line 319, in load_manifest
    manifest.update(ast.literal_eval(f.read()))
                    ^^^^^^^^^^^^^^^^^^^^^^^^^^
  File "D:\Study\learning_odoo\odoo\tools\_monkeypatches.py", line 73, in literal_eval
    return orig_literal_eval(expr)
           ^^^^^^^^^^^^^^^^^^^^^^^
  File "C:\Python312\Lib\ast.py", line 66, in literal_eval
    node_or_string = parse(node_or_string.lstrip(" \t"), mode='eval')
                     ^^^^^^^^^^^^^^^^^^^^^^^^^^^^^^^^^^^^^^^^^^^^^^^^
  File "C:\Python312\Lib\ast.py", line 52, in parse
    return compile(source, filename, mode, flags,
           ^^^^^^^^^^^^^^^^^^^^^^^^^^^^^^^^^^^^^^
  File "<unknown>", line 3
    {
    ^
SyntaxError: invalid syntax
2024-06-22 15:54:35,477 24876 INFO odoo_test werkzeug: 127.0.0.1 - - [22/Jun/2024 15:54:35] "GET /favicon.ico HTTP/1.1" 500 - 11 0.007 0.020
2024-06-22 15:54:37,028 24876 INFO odoo_test odoo.modules.loading: loading 1 modules... 
2024-06-22 15:54:37,033 24876 INFO odoo_test odoo.modules.loading: 1 modules loaded in 0.01s, 0 queries (+0 extra) 
2024-06-22 15:54:37,037 24876 WARNING odoo_test odoo.modules.loading: Transient module states were reset 
2024-06-22 15:54:37,037 24876 ERROR odoo_test odoo.modules.registry: Failed to load registry 
Traceback (most recent call last):
  File "D:\Study\learning_odoo\odoo\modules\registry.py", line 87, in __new__
    return cls.registries[db_name]
           ~~~~~~~~~~~~~~^^^^^^^^^
  File "<decorator-gen-5>", line 2, in __getitem__
  File "D:\Study\learning_odoo\odoo\tools\func.py", line 87, in locked
    return func(inst, *args, **kwargs)
           ^^^^^^^^^^^^^^^^^^^^^^^^^^^
  File "D:\Study\learning_odoo\odoo\tools\lru.py", line 34, in __getitem__
    a = self.d[obj]
        ~~~~~~^^^^^
KeyError: 'odoo_test'

During handling of the above exception, another exception occurred:

Traceback (most recent call last):
  File "D:\Study\learning_odoo\odoo\modules\registry.py", line 113, in new
    odoo.modules.load_modules(registry, force_demo, status, update_module)
  File "D:\Study\learning_odoo\odoo\modules\loading.py", line 476, in load_modules
    processed_modules += load_marked_modules(env, graph,
                         ^^^^^^^^^^^^^^^^^^^^^^^^^^^^^^^
  File "D:\Study\learning_odoo\odoo\modules\loading.py", line 362, in load_marked_modules
    graph.add_modules(env.cr, module_list, force)
  File "D:\Study\learning_odoo\odoo\modules\graph.py", line 71, in add_modules
    info = odoo.modules.module.get_manifest(module)
           ^^^^^^^^^^^^^^^^^^^^^^^^^^^^^^^^^^^^^^^^
  File "D:\Study\learning_odoo\odoo\modules\module.py", line 369, in get_manifest
    return copy.deepcopy(_get_manifest_cached(module, mod_path))
                         ^^^^^^^^^^^^^^^^^^^^^^^^^^^^^^^^^^^^^^
  File "D:\Study\learning_odoo\odoo\modules\module.py", line 373, in _get_manifest_cached
    return load_manifest(module, mod_path)
           ^^^^^^^^^^^^^^^^^^^^^^^^^^^^^^^
  File "D:\Study\learning_odoo\odoo\modules\module.py", line 319, in load_manifest
    manifest.update(ast.literal_eval(f.read()))
                    ^^^^^^^^^^^^^^^^^^^^^^^^^^
  File "D:\Study\learning_odoo\odoo\tools\_monkeypatches.py", line 73, in literal_eval
    return orig_literal_eval(expr)
           ^^^^^^^^^^^^^^^^^^^^^^^
  File "C:\Python312\Lib\ast.py", line 66, in literal_eval
    node_or_string = parse(node_or_string.lstrip(" \t"), mode='eval')
                     ^^^^^^^^^^^^^^^^^^^^^^^^^^^^^^^^^^^^^^^^^^^^^^^^
  File "C:\Python312\Lib\ast.py", line 52, in parse
    return compile(source, filename, mode, flags,
           ^^^^^^^^^^^^^^^^^^^^^^^^^^^^^^^^^^^^^^
  File "<unknown>", line 3
    {
    ^
SyntaxError: invalid syntax
2024-06-22 15:54:37,039 24876 ERROR odoo_test odoo.http: Exception during request handling. 
Traceback (most recent call last):
  File "D:\Study\learning_odoo\odoo\modules\registry.py", line 87, in __new__
    return cls.registries[db_name]
           ~~~~~~~~~~~~~~^^^^^^^^^
  File "<decorator-gen-5>", line 2, in __getitem__
  File "D:\Study\learning_odoo\odoo\tools\func.py", line 87, in locked
    return func(inst, *args, **kwargs)
           ^^^^^^^^^^^^^^^^^^^^^^^^^^^
  File "D:\Study\learning_odoo\odoo\tools\lru.py", line 34, in __getitem__
    a = self.d[obj]
        ~~~~~~^^^^^
KeyError: 'odoo_test'

During handling of the above exception, another exception occurred:

Traceback (most recent call last):
  File "D:\Study\learning_odoo\odoo\http.py", line 2173, in __call__
    response = request._serve_db()
               ^^^^^^^^^^^^^^^^^^^
  File "D:\Study\learning_odoo\odoo\http.py", line 1727, in _serve_db
    self.registry = Registry(self.db).check_signaling()
                    ^^^^^^^^^^^^^^^^^
  File "D:\Study\learning_odoo\odoo\modules\registry.py", line 89, in __new__
    return cls.new(db_name)
           ^^^^^^^^^^^^^^^^
  File "<decorator-gen-16>", line 2, in new
  File "D:\Study\learning_odoo\odoo\tools\func.py", line 87, in locked
    return func(inst, *args, **kwargs)
           ^^^^^^^^^^^^^^^^^^^^^^^^^^^
  File "D:\Study\learning_odoo\odoo\modules\registry.py", line 113, in new
    odoo.modules.load_modules(registry, force_demo, status, update_module)
  File "D:\Study\learning_odoo\odoo\modules\loading.py", line 476, in load_modules
    processed_modules += load_marked_modules(env, graph,
                         ^^^^^^^^^^^^^^^^^^^^^^^^^^^^^^^
  File "D:\Study\learning_odoo\odoo\modules\loading.py", line 362, in load_marked_modules
    graph.add_modules(env.cr, module_list, force)
  File "D:\Study\learning_odoo\odoo\modules\graph.py", line 71, in add_modules
    info = odoo.modules.module.get_manifest(module)
           ^^^^^^^^^^^^^^^^^^^^^^^^^^^^^^^^^^^^^^^^
  File "D:\Study\learning_odoo\odoo\modules\module.py", line 369, in get_manifest
    return copy.deepcopy(_get_manifest_cached(module, mod_path))
                         ^^^^^^^^^^^^^^^^^^^^^^^^^^^^^^^^^^^^^^
  File "D:\Study\learning_odoo\odoo\modules\module.py", line 373, in _get_manifest_cached
    return load_manifest(module, mod_path)
           ^^^^^^^^^^^^^^^^^^^^^^^^^^^^^^^
  File "D:\Study\learning_odoo\odoo\modules\module.py", line 319, in load_manifest
    manifest.update(ast.literal_eval(f.read()))
                    ^^^^^^^^^^^^^^^^^^^^^^^^^^
  File "D:\Study\learning_odoo\odoo\tools\_monkeypatches.py", line 73, in literal_eval
    return orig_literal_eval(expr)
           ^^^^^^^^^^^^^^^^^^^^^^^
  File "C:\Python312\Lib\ast.py", line 66, in literal_eval
    node_or_string = parse(node_or_string.lstrip(" \t"), mode='eval')
                     ^^^^^^^^^^^^^^^^^^^^^^^^^^^^^^^^^^^^^^^^^^^^^^^^
  File "C:\Python312\Lib\ast.py", line 52, in parse
    return compile(source, filename, mode, flags,
           ^^^^^^^^^^^^^^^^^^^^^^^^^^^^^^^^^^^^^^
  File "<unknown>", line 3
    {
    ^
SyntaxError: invalid syntax
2024-06-22 15:54:37,041 24876 INFO odoo_test werkzeug: 127.0.0.1 - - [22/Jun/2024 15:54:37] "GET /web/service-worker.js HTTP/1.1" 500 - 11 0.003 0.016
2024-06-22 15:54:39,851 24876 INFO odoo_test odoo.service.server: Initiating shutdown 
2024-06-22 15:54:39,851 24876 INFO odoo_test odoo.service.server: Hit CTRL-C again or send a second signal to force the shutdown. 
2024-06-22 15:54:39,952 24876 INFO odoo_test odoo.sql_db: ConnectionPool(used=0/count=0/max=64): Closed 3 connections  
2024-06-22 15:54:43,073 31756 INFO ? odoo: Odoo version 17.0 
2024-06-22 15:54:43,074 31756 INFO ? odoo: Using configuration file at D:\Study\learning_odoo\conf\odoo.conf 
2024-06-22 15:54:43,074 31756 INFO ? odoo: addons paths: ['D:\\Study\\learning_odoo\\odoo\\addons', 'd:\\study\\learning_odoo\\data\\addons\\17.0', 'd:\\study\\learning_odoo\\addons', 'd:\\study\\learning_odoo\\custom_addons', 'd:\\study\\learning_odoo\\odoo\\addons', 'd:\\study\\learning_odoo\\my_addons'] 
2024-06-22 15:54:43,074 31756 INFO ? odoo: database: odoo_admin@localhost:5432 
2024-06-22 15:54:43,361 31756 INFO ? odoo.addons.base.models.ir_actions_report: You need Wkhtmltopdf to print a pdf version of the reports. 
2024-06-22 15:54:43,750 31756 INFO odoo_test odoo.modules.loading: loading 1 modules... 
2024-06-22 15:54:43,785 31756 INFO odoo_test odoo.modules.loading: 1 modules loaded in 0.04s, 0 queries (+0 extra) 
2024-06-22 15:54:43,806 31756 INFO odoo_test odoo.modules.loading: updating modules list 
2024-06-22 15:54:43,808 31756 INFO odoo_test odoo.addons.base.models.ir_module: ALLOW access to module.update_list on [] to user __system__ #1 via n/a 
2024-06-22 15:54:44,542 31756 INFO ? odoo.service.server: HTTP service (werkzeug) running on Dmitriy-PC:8069 
2024-06-22 15:54:45,322 31756 INFO odoo_test odoo.addons.base.models.ir_module: ALLOW access to module.button_upgrade on ['My super demo module'] to user __system__ #1 via n/a 
2024-06-22 15:54:45,322 31756 INFO odoo_test odoo.addons.base.models.ir_module: ALLOW access to module.update_list on ['My super demo module'] to user __system__ #1 via n/a 
2024-06-22 15:54:45,910 31756 INFO odoo_test odoo.addons.base.models.ir_module: ALLOW access to module.button_install on [] to user __system__ #1 via n/a 
2024-06-22 15:54:45,928 31756 INFO odoo_test odoo.modules.loading: loading 13 modules... 
2024-06-22 15:54:45,928 31756 INFO odoo_test odoo.modules.loading: Loading module mydemo (2/13) 
2024-06-22 15:54:45,967 31756 INFO odoo_test odoo.modules.registry: module mydemo: creating or updating database tables 
2024-06-22 15:54:45,987 31756 INFO odoo_test odoo.modules.loading: loading mydemo/security/ir.model.access.csv 
2024-06-22 15:54:45,998 31756 INFO odoo_test odoo.modules.loading: loading mydemo/views/my_demo_views.xml 
2024-06-22 15:54:46,063 31756 INFO odoo_test odoo.modules.loading: Module mydemo loaded in 0.13s, 86 queries (+86 other) 
2024-06-22 15:54:46,181 31756 INFO odoo_test odoo.modules.loading: 13 modules loaded in 0.25s, 86 queries (+86 extra) 
2024-06-22 15:54:46,267 31756 INFO odoo_test odoo.modules.registry: verifying fields for every extended model 
2024-06-22 15:54:46,462 31756 INFO odoo_test odoo.modules.loading: Modules loaded. 
2024-06-22 15:54:46,464 31756 INFO odoo_test odoo.modules.registry: Registry loaded in 2.781s 
2024-06-22 15:54:52,526 31756 INFO odoo_test odoo.addons.base.models.ir_http: Generating routing map for key None 
2024-06-22 15:54:52,929 31756 INFO odoo_test werkzeug: 127.0.0.1 - - [22/Jun/2024 15:54:52] "GET /web?debug=1 HTTP/1.1" 200 - 62 0.031 0.375
2024-06-22 15:54:53,066 31756 INFO odoo_test werkzeug: 127.0.0.1 - - [22/Jun/2024 15:54:53] "GET /bus/websocket_worker_bundle?v=1.0.7 HTTP/1.1" 304 - 4 0.002 0.007
2024-06-22 15:54:53,163 31756 INFO odoo_test werkzeug: 127.0.0.1 - - [22/Jun/2024 15:54:53] "POST /web/action/load HTTP/1.1" 200 - 10 0.003 0.105
2024-06-22 15:54:53,552 31756 INFO odoo_test werkzeug: 127.0.0.1 - - [22/Jun/2024 15:54:53] "GET /web/image?model=res.users&field=avatar_128&id=1 HTTP/1.1" 304 - 6 0.004 0.137
2024-06-22 15:54:53,552 31756 INFO odoo_test werkzeug: 127.0.0.1 - - [22/Jun/2024 15:54:53] "GET /websocket HTTP/1.1" 101 - 1 0.007 0.132
2024-06-22 15:54:53,565 31756 INFO ? odoo.addons.bus.models.bus: Bus.loop listen imbus on db postgres 
2024-06-22 15:54:53,634 31756 INFO odoo_test werkzeug: 127.0.0.1 - - [22/Jun/2024 15:54:53] "POST /web/dataset/call_kw/ir.module.module/get_views HTTP/1.1" 200 - 41 0.048 0.098
2024-06-22 15:54:53,876 31756 INFO odoo_test werkzeug: 127.0.0.1 - - [22/Jun/2024 15:54:53] "POST /web/dataset/call_kw/ir.module.module/search_panel_select_range HTTP/1.1" 200 - 1 0.001 0.002
2024-06-22 15:54:53,965 31756 INFO odoo_test werkzeug: 127.0.0.1 - - [22/Jun/2024 15:54:53] "GET /web/manifest.webmanifest HTTP/1.1" 200 - 6 0.008 0.004
2024-06-22 15:54:53,986 31756 INFO odoo_test werkzeug: 127.0.0.1 - - [22/Jun/2024 15:54:53] "POST /web/dataset/call_kw/ir.module.module/search_panel_select_range HTTP/1.1" 200 - 39 0.020 0.014
2024-06-22 15:54:54,034 31756 INFO odoo_test werkzeug: 127.0.0.1 - - [22/Jun/2024 15:54:54] "POST /web/dataset/call_kw/ir.module.module/web_search_read HTTP/1.1" 200 - 3 0.003 0.079
2024-06-22 15:54:54,627 31756 INFO odoo_test werkzeug: 127.0.0.1 - - [22/Jun/2024 15:54:54] "GET /web_theme_classic/static/description/icon.png HTTP/1.1" 404 - 2 0.001 0.002
2024-06-22 15:54:56,121 31756 INFO odoo_test werkzeug: 127.0.0.1 - - [22/Jun/2024 15:54:56] "GET /web/service-worker.js HTTP/1.1" 200 - 1 0.001 0.005
2024-06-22 15:54:59,503 31756 INFO odoo_test odoo.service.server: Initiating shutdown 
2024-06-22 15:54:59,503 31756 INFO odoo_test odoo.service.server: Hit CTRL-C again or send a second signal to force the shutdown. 
2024-06-22 15:55:00,030 31756 INFO odoo_test odoo.sql_db: ConnectionPool(used=0/count=0/max=64): Closed 6 connections  
